
*** Running vivado
    with args -log dkong_wrapper.vds -m64 -product Vivado -mode batch -messageDb vivado.pb -notrace -source dkong_wrapper.tcl


****** Vivado v2019.1 (64-bit)
  **** SW Build 2552052 on Fri May 24 14:49:42 MDT 2019
  **** IP Build 2548770 on Fri May 24 18:01:18 MDT 2019
    ** Copyright 1986-2019 Xilinx, Inc. All Rights Reserved.

source dkong_wrapper.tcl -notrace
INFO: [IP_Flow 19-234] Refreshing IP repositories
INFO: [IP_Flow 19-1704] No user IP repositories specified
INFO: [IP_Flow 19-2313] Loaded Vivado IP repository 'D:/Xilinx/Vivado/2019.1/data/ip'.
add_files: Time (s): cpu = 00:00:06 ; elapsed = 00:00:11 . Memory (MB): peak = 302.352 ; gain = 8.313
Command: synth_design -top dkong_wrapper -part xc7z020clg484-1
Starting synth_design
Attempting to get a license for feature 'Synthesis' and/or device 'xc7z020'
INFO: [Common 17-349] Got license for feature 'Synthesis' and/or device 'xc7z020'
INFO: [Device 21-403] Loading part xc7z020clg484-1
INFO: Launching helper process for spawning children vivado processes
INFO: Helper process launched with PID 21864 
---------------------------------------------------------------------------------
Starting RTL Elaboration : Time (s): cpu = 00:00:04 ; elapsed = 00:00:04 . Memory (MB): peak = 775.840 ; gain = 177.090
---------------------------------------------------------------------------------
INFO: [Synth 8-6157] synthesizing module 'dkong_wrapper' [D:/Documents/University/ENSC452/Folder/dkong_system/dkong_system.srcs/sources_1/bd/dkong/hdl/dkong_wrapper.v:12]
INFO: [Synth 8-6157] synthesizing module 'dkong' [D:/Documents/University/ENSC452/Folder/dkong_system/dkong_system.srcs/sources_1/bd/dkong/synth/dkong.v:13]
INFO: [Synth 8-6157] synthesizing module 'dkong_I2S_0_0' [D:/Documents/University/ENSC452/Folder/dkong_system/dkong_system.runs/synth_1/.Xil/Vivado-18288-DESKTOP-3NJN4P8/realtime/dkong_I2S_0_0_stub.v:6]
INFO: [Synth 8-6155] done synthesizing module 'dkong_I2S_0_0' (1#1) [D:/Documents/University/ENSC452/Folder/dkong_system/dkong_system.runs/synth_1/.Xil/Vivado-18288-DESKTOP-3NJN4P8/realtime/dkong_I2S_0_0_stub.v:6]
INFO: [Synth 8-6157] synthesizing module 'dkong_audio_joiner_0_0' [D:/Documents/University/ENSC452/Folder/dkong_system/dkong_system.runs/synth_1/.Xil/Vivado-18288-DESKTOP-3NJN4P8/realtime/dkong_audio_joiner_0_0_stub.v:6]
INFO: [Synth 8-6155] done synthesizing module 'dkong_audio_joiner_0_0' (2#1) [D:/Documents/University/ENSC452/Folder/dkong_system/dkong_system.runs/synth_1/.Xil/Vivado-18288-DESKTOP-3NJN4P8/realtime/dkong_audio_joiner_0_0_stub.v:6]
INFO: [Synth 8-6157] synthesizing module 'dkong_axi_dma_0_0' [D:/Documents/University/ENSC452/Folder/dkong_system/dkong_system.runs/synth_1/.Xil/Vivado-18288-DESKTOP-3NJN4P8/realtime/dkong_axi_dma_0_0_stub.v:6]
INFO: [Synth 8-6155] done synthesizing module 'dkong_axi_dma_0_0' (3#1) [D:/Documents/University/ENSC452/Folder/dkong_system/dkong_system.runs/synth_1/.Xil/Vivado-18288-DESKTOP-3NJN4P8/realtime/dkong_axi_dma_0_0_stub.v:6]
WARNING: [Synth 8-7023] instance 'axi_dma_0' of module 'dkong_axi_dma_0_0' has 40 connections declared, but only 36 given [D:/Documents/University/ENSC452/Folder/dkong_system/dkong_system.srcs/sources_1/bd/dkong/synth/dkong.v:281]
INFO: [Synth 8-6157] synthesizing module 'dkong_axi_iic_0_0' [D:/Documents/University/ENSC452/Folder/dkong_system/dkong_system.runs/synth_1/.Xil/Vivado-18288-DESKTOP-3NJN4P8/realtime/dkong_axi_iic_0_0_stub.v:6]
INFO: [Synth 8-6155] done synthesizing module 'dkong_axi_iic_0_0' (4#1) [D:/Documents/University/ENSC452/Folder/dkong_system/dkong_system.runs/synth_1/.Xil/Vivado-18288-DESKTOP-3NJN4P8/realtime/dkong_axi_iic_0_0_stub.v:6]
WARNING: [Synth 8-7023] instance 'axi_iic_0' of module 'dkong_axi_iic_0_0' has 27 connections declared, but only 26 given [D:/Documents/University/ENSC452/Folder/dkong_system/dkong_system.srcs/sources_1/bd/dkong/synth/dkong.v:318]
INFO: [Synth 8-6157] synthesizing module 'dkong_clk_wiz_0_0' [D:/Documents/University/ENSC452/Folder/dkong_system/dkong_system.runs/synth_1/.Xil/Vivado-18288-DESKTOP-3NJN4P8/realtime/dkong_clk_wiz_0_0_stub.v:5]
INFO: [Synth 8-6155] done synthesizing module 'dkong_clk_wiz_0_0' (5#1) [D:/Documents/University/ENSC452/Folder/dkong_system/dkong_system.runs/synth_1/.Xil/Vivado-18288-DESKTOP-3NJN4P8/realtime/dkong_clk_wiz_0_0_stub.v:5]
INFO: [Synth 8-6157] synthesizing module 'dkong_demux2_0_0' [D:/Documents/University/ENSC452/Folder/dkong_system/dkong_system.runs/synth_1/.Xil/Vivado-18288-DESKTOP-3NJN4P8/realtime/dkong_demux2_0_0_stub.v:6]
INFO: [Synth 8-6155] done synthesizing module 'dkong_demux2_0_0' (6#1) [D:/Documents/University/ENSC452/Folder/dkong_system/dkong_system.runs/synth_1/.Xil/Vivado-18288-DESKTOP-3NJN4P8/realtime/dkong_demux2_0_0_stub.v:6]
INFO: [Synth 8-6157] synthesizing module 'dkong_demux2_0_1' [D:/Documents/University/ENSC452/Folder/dkong_system/dkong_system.runs/synth_1/.Xil/Vivado-18288-DESKTOP-3NJN4P8/realtime/dkong_demux2_0_1_stub.v:6]
INFO: [Synth 8-6155] done synthesizing module 'dkong_demux2_0_1' (7#1) [D:/Documents/University/ENSC452/Folder/dkong_system/dkong_system.runs/synth_1/.Xil/Vivado-18288-DESKTOP-3NJN4P8/realtime/dkong_demux2_0_1_stub.v:6]
INFO: [Synth 8-6157] synthesizing module 'dkong_demux2_0_2' [D:/Documents/University/ENSC452/Folder/dkong_system/dkong_system.runs/synth_1/.Xil/Vivado-18288-DESKTOP-3NJN4P8/realtime/dkong_demux2_0_2_stub.v:6]
INFO: [Synth 8-6155] done synthesizing module 'dkong_demux2_0_2' (8#1) [D:/Documents/University/ENSC452/Folder/dkong_system/dkong_system.runs/synth_1/.Xil/Vivado-18288-DESKTOP-3NJN4P8/realtime/dkong_demux2_0_2_stub.v:6]
INFO: [Synth 8-6157] synthesizing module 'dkong_demux2_0_3' [D:/Documents/University/ENSC452/Folder/dkong_system/dkong_system.runs/synth_1/.Xil/Vivado-18288-DESKTOP-3NJN4P8/realtime/dkong_demux2_0_3_stub.v:6]
INFO: [Synth 8-6155] done synthesizing module 'dkong_demux2_0_3' (9#1) [D:/Documents/University/ENSC452/Folder/dkong_system/dkong_system.runs/synth_1/.Xil/Vivado-18288-DESKTOP-3NJN4P8/realtime/dkong_demux2_0_3_stub.v:6]
INFO: [Synth 8-6157] synthesizing module 'dkong_demux2_3_0' [D:/Documents/University/ENSC452/Folder/dkong_system/dkong_system.runs/synth_1/.Xil/Vivado-18288-DESKTOP-3NJN4P8/realtime/dkong_demux2_3_0_stub.v:6]
INFO: [Synth 8-6155] done synthesizing module 'dkong_demux2_3_0' (10#1) [D:/Documents/University/ENSC452/Folder/dkong_system/dkong_system.runs/synth_1/.Xil/Vivado-18288-DESKTOP-3NJN4P8/realtime/dkong_demux2_3_0_stub.v:6]
INFO: [Synth 8-6157] synthesizing module 'dkong_dkong_system_wrapper_0_0' [D:/Documents/University/ENSC452/Folder/dkong_system/dkong_system.runs/synth_1/.Xil/Vivado-18288-DESKTOP-3NJN4P8/realtime/dkong_dkong_system_wrapper_0_0_stub.v:6]
INFO: [Synth 8-6155] done synthesizing module 'dkong_dkong_system_wrapper_0_0' (11#1) [D:/Documents/University/ENSC452/Folder/dkong_system/dkong_system.runs/synth_1/.Xil/Vivado-18288-DESKTOP-3NJN4P8/realtime/dkong_dkong_system_wrapper_0_0_stub.v:6]
WARNING: [Synth 8-7023] instance 'dkong_system_wrapper_0' of module 'dkong_dkong_system_wrapper_0_0' has 35 connections declared, but only 31 given [D:/Documents/University/ENSC452/Folder/dkong_system/dkong_system.srcs/sources_1/bd/dkong/synth/dkong.v:376]
INFO: [Synth 8-6157] synthesizing module 'dkong_framedoubler_slow_0_0' [D:/Documents/University/ENSC452/Folder/dkong_system/dkong_system.runs/synth_1/.Xil/Vivado-18288-DESKTOP-3NJN4P8/realtime/dkong_framedoubler_slow_0_0_stub.v:6]
INFO: [Synth 8-6155] done synthesizing module 'dkong_framedoubler_slow_0_0' (12#1) [D:/Documents/University/ENSC452/Folder/dkong_system/dkong_system.runs/synth_1/.Xil/Vivado-18288-DESKTOP-3NJN4P8/realtime/dkong_framedoubler_slow_0_0_stub.v:6]
INFO: [Synth 8-6157] synthesizing module 'dkong_mux4_0_0' [D:/Documents/University/ENSC452/Folder/dkong_system/dkong_system.runs/synth_1/.Xil/Vivado-18288-DESKTOP-3NJN4P8/realtime/dkong_mux4_0_0_stub.v:6]
INFO: [Synth 8-6155] done synthesizing module 'dkong_mux4_0_0' (13#1) [D:/Documents/University/ENSC452/Folder/dkong_system/dkong_system.runs/synth_1/.Xil/Vivado-18288-DESKTOP-3NJN4P8/realtime/dkong_mux4_0_0_stub.v:6]
INFO: [Synth 8-6157] synthesizing module 'dkong_proc_sys_reset_0_0' [D:/Documents/University/ENSC452/Folder/dkong_system/dkong_system.runs/synth_1/.Xil/Vivado-18288-DESKTOP-3NJN4P8/realtime/dkong_proc_sys_reset_0_0_stub.v:6]
INFO: [Synth 8-6155] done synthesizing module 'dkong_proc_sys_reset_0_0' (14#1) [D:/Documents/University/ENSC452/Folder/dkong_system/dkong_system.runs/synth_1/.Xil/Vivado-18288-DESKTOP-3NJN4P8/realtime/dkong_proc_sys_reset_0_0_stub.v:6]
WARNING: [Synth 8-7023] instance 'proc_sys_reset_0' of module 'dkong_proc_sys_reset_0_0' has 10 connections declared, but only 7 given [D:/Documents/University/ENSC452/Folder/dkong_system/dkong_system.srcs/sources_1/bd/dkong/synth/dkong.v:430]
INFO: [Synth 8-6157] synthesizing module 'dkong_proc_sys_reset_1_0' [D:/Documents/University/ENSC452/Folder/dkong_system/dkong_system.runs/synth_1/.Xil/Vivado-18288-DESKTOP-3NJN4P8/realtime/dkong_proc_sys_reset_1_0_stub.v:6]
INFO: [Synth 8-6155] done synthesizing module 'dkong_proc_sys_reset_1_0' (15#1) [D:/Documents/University/ENSC452/Folder/dkong_system/dkong_system.runs/synth_1/.Xil/Vivado-18288-DESKTOP-3NJN4P8/realtime/dkong_proc_sys_reset_1_0_stub.v:6]
WARNING: [Synth 8-7023] instance 'proc_sys_reset_1' of module 'dkong_proc_sys_reset_1_0' has 10 connections declared, but only 6 given [D:/Documents/University/ENSC452/Folder/dkong_system/dkong_system.srcs/sources_1/bd/dkong/synth/dkong.v:438]
INFO: [Synth 8-6157] synthesizing module 'dkong_processing_system7_0_0' [D:/Documents/University/ENSC452/Folder/dkong_system/dkong_system.runs/synth_1/.Xil/Vivado-18288-DESKTOP-3NJN4P8/realtime/dkong_processing_system7_0_0_stub.v:6]
INFO: [Synth 8-6155] done synthesizing module 'dkong_processing_system7_0_0' (16#1) [D:/Documents/University/ENSC452/Folder/dkong_system/dkong_system.runs/synth_1/.Xil/Vivado-18288-DESKTOP-3NJN4P8/realtime/dkong_processing_system7_0_0_stub.v:6]
WARNING: [Synth 8-7023] instance 'processing_system7_0' of module 'dkong_processing_system7_0_0' has 93 connections declared, but only 83 given [D:/Documents/University/ENSC452/Folder/dkong_system/dkong_system.srcs/sources_1/bd/dkong/synth/dkong.v:445]
INFO: [Synth 8-6157] synthesizing module 'dkong_smartconnect_0_0' [D:/Documents/University/ENSC452/Folder/dkong_system/dkong_system.runs/synth_1/.Xil/Vivado-18288-DESKTOP-3NJN4P8/realtime/dkong_smartconnect_0_0_stub.v:6]
INFO: [Synth 8-6155] done synthesizing module 'dkong_smartconnect_0_0' (17#1) [D:/Documents/University/ENSC452/Folder/dkong_system/dkong_system.runs/synth_1/.Xil/Vivado-18288-DESKTOP-3NJN4P8/realtime/dkong_smartconnect_0_0_stub.v:6]
WARNING: [Synth 8-7023] instance 'smartconnect_0' of module 'dkong_smartconnect_0_0' has 78 connections declared, but only 73 given [D:/Documents/University/ENSC452/Folder/dkong_system/dkong_system.srcs/sources_1/bd/dkong/synth/dkong.v:529]
INFO: [Synth 8-6157] synthesizing module 'dkong_smartconnect_1_0' [D:/Documents/University/ENSC452/Folder/dkong_system/dkong_system.runs/synth_1/.Xil/Vivado-18288-DESKTOP-3NJN4P8/realtime/dkong_smartconnect_1_0_stub.v:6]
INFO: [Synth 8-6155] done synthesizing module 'dkong_smartconnect_1_0' (18#1) [D:/Documents/University/ENSC452/Folder/dkong_system/dkong_system.runs/synth_1/.Xil/Vivado-18288-DESKTOP-3NJN4P8/realtime/dkong_smartconnect_1_0_stub.v:6]
INFO: [Synth 8-6157] synthesizing module 'dkong_xlconcat_0_0' [d:/Documents/University/ENSC452/Folder/dkong_system/dkong_system.srcs/sources_1/bd/dkong/ip/dkong_xlconcat_0_0/synth/dkong_xlconcat_0_0.v:58]
INFO: [Synth 8-6157] synthesizing module 'xlconcat_v2_1_3_xlconcat' [d:/Documents/University/ENSC452/Folder/dkong_system/dkong_system.srcs/sources_1/bd/dkong/ipshared/442e/hdl/xlconcat_v2_1_vl_rfs.v:14]
	Parameter IN0_WIDTH bound to: 1 - type: integer 
	Parameter IN1_WIDTH bound to: 1 - type: integer 
	Parameter IN2_WIDTH bound to: 1 - type: integer 
	Parameter IN3_WIDTH bound to: 1 - type: integer 
	Parameter IN4_WIDTH bound to: 1 - type: integer 
	Parameter IN5_WIDTH bound to: 1 - type: integer 
	Parameter IN6_WIDTH bound to: 1 - type: integer 
	Parameter IN7_WIDTH bound to: 1 - type: integer 
	Parameter IN8_WIDTH bound to: 1 - type: integer 
	Parameter IN9_WIDTH bound to: 1 - type: integer 
	Parameter IN10_WIDTH bound to: 1 - type: integer 
	Parameter IN11_WIDTH bound to: 1 - type: integer 
	Parameter IN12_WIDTH bound to: 1 - type: integer 
	Parameter IN13_WIDTH bound to: 1 - type: integer 
	Parameter IN14_WIDTH bound to: 1 - type: integer 
	Parameter IN15_WIDTH bound to: 1 - type: integer 
	Parameter IN16_WIDTH bound to: 1 - type: integer 
	Parameter IN17_WIDTH bound to: 1 - type: integer 
	Parameter IN18_WIDTH bound to: 1 - type: integer 
	Parameter IN19_WIDTH bound to: 1 - type: integer 
	Parameter IN20_WIDTH bound to: 1 - type: integer 
	Parameter IN21_WIDTH bound to: 1 - type: integer 
	Parameter IN22_WIDTH bound to: 1 - type: integer 
	Parameter IN23_WIDTH bound to: 1 - type: integer 
	Parameter IN24_WIDTH bound to: 1 - type: integer 
	Parameter IN25_WIDTH bound to: 1 - type: integer 
	Parameter IN26_WIDTH bound to: 1 - type: integer 
	Parameter IN27_WIDTH bound to: 1 - type: integer 
	Parameter IN28_WIDTH bound to: 1 - type: integer 
	Parameter IN29_WIDTH bound to: 1 - type: integer 
	Parameter IN30_WIDTH bound to: 1 - type: integer 
	Parameter IN31_WIDTH bound to: 1 - type: integer 
	Parameter dout_width bound to: 4 - type: integer 
	Parameter NUM_PORTS bound to: 4 - type: integer 
INFO: [Synth 8-6155] done synthesizing module 'xlconcat_v2_1_3_xlconcat' (19#1) [d:/Documents/University/ENSC452/Folder/dkong_system/dkong_system.srcs/sources_1/bd/dkong/ipshared/442e/hdl/xlconcat_v2_1_vl_rfs.v:14]
INFO: [Synth 8-6155] done synthesizing module 'dkong_xlconcat_0_0' (20#1) [d:/Documents/University/ENSC452/Folder/dkong_system/dkong_system.srcs/sources_1/bd/dkong/ip/dkong_xlconcat_0_0/synth/dkong_xlconcat_0_0.v:58]
INFO: [Synth 8-6155] done synthesizing module 'dkong' (21#1) [D:/Documents/University/ENSC452/Folder/dkong_system/dkong_system.srcs/sources_1/bd/dkong/synth/dkong.v:13]
INFO: [Synth 8-6157] synthesizing module 'IOBUF' [D:/Xilinx/Vivado/2019.1/scripts/rt/data/unisim_comp.v:36115]
	Parameter DRIVE bound to: 12 - type: integer 
	Parameter IBUF_LOW_PWR bound to: TRUE - type: string 
	Parameter IOSTANDARD bound to: DEFAULT - type: string 
	Parameter SLEW bound to: SLOW - type: string 
INFO: [Synth 8-6155] done synthesizing module 'IOBUF' (22#1) [D:/Xilinx/Vivado/2019.1/scripts/rt/data/unisim_comp.v:36115]
INFO: [Synth 8-6155] done synthesizing module 'dkong_wrapper' (23#1) [D:/Documents/University/ENSC452/Folder/dkong_system/dkong_system.srcs/sources_1/bd/dkong/hdl/dkong_wrapper.v:12]
WARNING: [Synth 8-3331] design xlconcat_v2_1_3_xlconcat has unconnected port In4[0]
WARNING: [Synth 8-3331] design xlconcat_v2_1_3_xlconcat has unconnected port In5[0]
WARNING: [Synth 8-3331] design xlconcat_v2_1_3_xlconcat has unconnected port In6[0]
WARNING: [Synth 8-3331] design xlconcat_v2_1_3_xlconcat has unconnected port In7[0]
WARNING: [Synth 8-3331] design xlconcat_v2_1_3_xlconcat has unconnected port In8[0]
WARNING: [Synth 8-3331] design xlconcat_v2_1_3_xlconcat has unconnected port In9[0]
WARNING: [Synth 8-3331] design xlconcat_v2_1_3_xlconcat has unconnected port In10[0]
WARNING: [Synth 8-3331] design xlconcat_v2_1_3_xlconcat has unconnected port In11[0]
WARNING: [Synth 8-3331] design xlconcat_v2_1_3_xlconcat has unconnected port In12[0]
WARNING: [Synth 8-3331] design xlconcat_v2_1_3_xlconcat has unconnected port In13[0]
WARNING: [Synth 8-3331] design xlconcat_v2_1_3_xlconcat has unconnected port In14[0]
WARNING: [Synth 8-3331] design xlconcat_v2_1_3_xlconcat has unconnected port In15[0]
WARNING: [Synth 8-3331] design xlconcat_v2_1_3_xlconcat has unconnected port In16[0]
WARNING: [Synth 8-3331] design xlconcat_v2_1_3_xlconcat has unconnected port In17[0]
WARNING: [Synth 8-3331] design xlconcat_v2_1_3_xlconcat has unconnected port In18[0]
WARNING: [Synth 8-3331] design xlconcat_v2_1_3_xlconcat has unconnected port In19[0]
WARNING: [Synth 8-3331] design xlconcat_v2_1_3_xlconcat has unconnected port In20[0]
WARNING: [Synth 8-3331] design xlconcat_v2_1_3_xlconcat has unconnected port In21[0]
WARNING: [Synth 8-3331] design xlconcat_v2_1_3_xlconcat has unconnected port In22[0]
WARNING: [Synth 8-3331] design xlconcat_v2_1_3_xlconcat has unconnected port In23[0]
WARNING: [Synth 8-3331] design xlconcat_v2_1_3_xlconcat has unconnected port In24[0]
WARNING: [Synth 8-3331] design xlconcat_v2_1_3_xlconcat has unconnected port In25[0]
WARNING: [Synth 8-3331] design xlconcat_v2_1_3_xlconcat has unconnected port In26[0]
WARNING: [Synth 8-3331] design xlconcat_v2_1_3_xlconcat has unconnected port In27[0]
WARNING: [Synth 8-3331] design xlconcat_v2_1_3_xlconcat has unconnected port In28[0]
WARNING: [Synth 8-3331] design xlconcat_v2_1_3_xlconcat has unconnected port In29[0]
WARNING: [Synth 8-3331] design xlconcat_v2_1_3_xlconcat has unconnected port In30[0]
WARNING: [Synth 8-3331] design xlconcat_v2_1_3_xlconcat has unconnected port In31[0]
---------------------------------------------------------------------------------
Finished RTL Elaboration : Time (s): cpu = 00:00:05 ; elapsed = 00:00:05 . Memory (MB): peak = 845.031 ; gain = 246.281
---------------------------------------------------------------------------------

Report Check Netlist: 
+------+------------------+-------+---------+-------+------------------+
|      |Item              |Errors |Warnings |Status |Description       |
+------+------------------+-------+---------+-------+------------------+
|1     |multi_driven_nets |      0|        0|Passed |Multi driven nets |
+------+------------------+-------+---------+-------+------------------+
---------------------------------------------------------------------------------
Start Handling Custom Attributes
---------------------------------------------------------------------------------
---------------------------------------------------------------------------------
Finished Handling Custom Attributes : Time (s): cpu = 00:00:05 ; elapsed = 00:00:06 . Memory (MB): peak = 845.031 ; gain = 246.281
---------------------------------------------------------------------------------
---------------------------------------------------------------------------------
Finished RTL Optimization Phase 1 : Time (s): cpu = 00:00:05 ; elapsed = 00:00:06 . Memory (MB): peak = 845.031 ; gain = 246.281
---------------------------------------------------------------------------------
INFO: [Netlist 29-17] Analyzing 2 Unisim elements for replacement
INFO: [Netlist 29-28] Unisim Transformation completed in 0 CPU seconds
INFO: [Project 1-570] Preparing netlist for logic optimization

Processing XDC Constraints
Initializing timing engine
Parsing XDC File [d:/Documents/University/ENSC452/Folder/dkong_system/dkong_system.srcs/sources_1/bd/dkong/ip/dkong_dkong_system_wrapper_0_0/dkong_dkong_system_wrapper_0_0/dkong_dkong_system_wrapper_0_0_in_context.xdc] for cell 'dkong_i/dkong_system_wrapper_0'
Finished Parsing XDC File [d:/Documents/University/ENSC452/Folder/dkong_system/dkong_system.srcs/sources_1/bd/dkong/ip/dkong_dkong_system_wrapper_0_0/dkong_dkong_system_wrapper_0_0/dkong_dkong_system_wrapper_0_0_in_context.xdc] for cell 'dkong_i/dkong_system_wrapper_0'
Parsing XDC File [d:/Documents/University/ENSC452/Folder/dkong_system/dkong_system.srcs/sources_1/bd/dkong/ip/dkong_processing_system7_0_0/dkong_processing_system7_0_0/dkong_processing_system7_0_0_in_context.xdc] for cell 'dkong_i/processing_system7_0'
Finished Parsing XDC File [d:/Documents/University/ENSC452/Folder/dkong_system/dkong_system.srcs/sources_1/bd/dkong/ip/dkong_processing_system7_0_0/dkong_processing_system7_0_0/dkong_processing_system7_0_0_in_context.xdc] for cell 'dkong_i/processing_system7_0'
Parsing XDC File [d:/Documents/University/ENSC452/Folder/dkong_system/dkong_system.srcs/sources_1/bd/dkong/ip/dkong_proc_sys_reset_0_0/dkong_proc_sys_reset_0_0/dkong_proc_sys_reset_0_0_in_context.xdc] for cell 'dkong_i/proc_sys_reset_0'
Finished Parsing XDC File [d:/Documents/University/ENSC452/Folder/dkong_system/dkong_system.srcs/sources_1/bd/dkong/ip/dkong_proc_sys_reset_0_0/dkong_proc_sys_reset_0_0/dkong_proc_sys_reset_0_0_in_context.xdc] for cell 'dkong_i/proc_sys_reset_0'
Parsing XDC File [d:/Documents/University/ENSC452/Folder/dkong_system/dkong_system.srcs/sources_1/bd/dkong/ip/dkong_mux4_0_0/dkong_mux4_0_0/dkong_mux4_0_0_in_context.xdc] for cell 'dkong_i/mux4_0'
Finished Parsing XDC File [d:/Documents/University/ENSC452/Folder/dkong_system/dkong_system.srcs/sources_1/bd/dkong/ip/dkong_mux4_0_0/dkong_mux4_0_0/dkong_mux4_0_0_in_context.xdc] for cell 'dkong_i/mux4_0'
Parsing XDC File [d:/Documents/University/ENSC452/Folder/dkong_system/dkong_system.srcs/sources_1/bd/dkong/ip/dkong_clk_wiz_0_0/dkong_clk_wiz_0_0/dkong_clk_wiz_0_0_in_context.xdc] for cell 'dkong_i/clk_wiz_0'
Finished Parsing XDC File [d:/Documents/University/ENSC452/Folder/dkong_system/dkong_system.srcs/sources_1/bd/dkong/ip/dkong_clk_wiz_0_0/dkong_clk_wiz_0_0/dkong_clk_wiz_0_0_in_context.xdc] for cell 'dkong_i/clk_wiz_0'
Parsing XDC File [d:/Documents/University/ENSC452/Folder/dkong_system/dkong_system.srcs/sources_1/bd/dkong/ip/dkong_proc_sys_reset_1_0/dkong_proc_sys_reset_1_0/dkong_proc_sys_reset_1_0_in_context.xdc] for cell 'dkong_i/proc_sys_reset_1'
Finished Parsing XDC File [d:/Documents/University/ENSC452/Folder/dkong_system/dkong_system.srcs/sources_1/bd/dkong/ip/dkong_proc_sys_reset_1_0/dkong_proc_sys_reset_1_0/dkong_proc_sys_reset_1_0_in_context.xdc] for cell 'dkong_i/proc_sys_reset_1'
Parsing XDC File [d:/Documents/University/ENSC452/Folder/dkong_system/dkong_system.srcs/sources_1/bd/dkong/ip/dkong_framedoubler_slow_0_0/dkong_framedoubler_slow_0_0/dkong_framedoubler_slow_0_0_in_context.xdc] for cell 'dkong_i/framedoubler_slow_0'
Finished Parsing XDC File [d:/Documents/University/ENSC452/Folder/dkong_system/dkong_system.srcs/sources_1/bd/dkong/ip/dkong_framedoubler_slow_0_0/dkong_framedoubler_slow_0_0/dkong_framedoubler_slow_0_0_in_context.xdc] for cell 'dkong_i/framedoubler_slow_0'
Parsing XDC File [d:/Documents/University/ENSC452/Folder/dkong_system/dkong_system.srcs/sources_1/bd/dkong/ip/dkong_demux2_0_0/dkong_demux2_0_0/dkong_demux2_0_0_in_context.xdc] for cell 'dkong_i/demux2_0'
Finished Parsing XDC File [d:/Documents/University/ENSC452/Folder/dkong_system/dkong_system.srcs/sources_1/bd/dkong/ip/dkong_demux2_0_0/dkong_demux2_0_0/dkong_demux2_0_0_in_context.xdc] for cell 'dkong_i/demux2_0'
Parsing XDC File [d:/Documents/University/ENSC452/Folder/dkong_system/dkong_system.srcs/sources_1/bd/dkong/ip/dkong_demux2_0_1/dkong_demux2_0_1/dkong_demux2_0_1_in_context.xdc] for cell 'dkong_i/demux2_1'
Finished Parsing XDC File [d:/Documents/University/ENSC452/Folder/dkong_system/dkong_system.srcs/sources_1/bd/dkong/ip/dkong_demux2_0_1/dkong_demux2_0_1/dkong_demux2_0_1_in_context.xdc] for cell 'dkong_i/demux2_1'
Parsing XDC File [d:/Documents/University/ENSC452/Folder/dkong_system/dkong_system.srcs/sources_1/bd/dkong/ip/dkong_demux2_0_2/dkong_demux2_0_2/dkong_demux2_0_2_in_context.xdc] for cell 'dkong_i/demux2_2'
Finished Parsing XDC File [d:/Documents/University/ENSC452/Folder/dkong_system/dkong_system.srcs/sources_1/bd/dkong/ip/dkong_demux2_0_2/dkong_demux2_0_2/dkong_demux2_0_2_in_context.xdc] for cell 'dkong_i/demux2_2'
Parsing XDC File [d:/Documents/University/ENSC452/Folder/dkong_system/dkong_system.srcs/sources_1/bd/dkong/ip/dkong_demux2_0_3/dkong_demux2_0_3/dkong_demux2_0_3_in_context.xdc] for cell 'dkong_i/demux2_3'
Finished Parsing XDC File [d:/Documents/University/ENSC452/Folder/dkong_system/dkong_system.srcs/sources_1/bd/dkong/ip/dkong_demux2_0_3/dkong_demux2_0_3/dkong_demux2_0_3_in_context.xdc] for cell 'dkong_i/demux2_3'
Parsing XDC File [d:/Documents/University/ENSC452/Folder/dkong_system/dkong_system.srcs/sources_1/bd/dkong/ip/dkong_demux2_3_0/dkong_demux2_3_0/dkong_demux2_3_0_in_context.xdc] for cell 'dkong_i/demux2_4'
Finished Parsing XDC File [d:/Documents/University/ENSC452/Folder/dkong_system/dkong_system.srcs/sources_1/bd/dkong/ip/dkong_demux2_3_0/dkong_demux2_3_0/dkong_demux2_3_0_in_context.xdc] for cell 'dkong_i/demux2_4'
Parsing XDC File [d:/Documents/University/ENSC452/Folder/dkong_system/dkong_system.srcs/sources_1/bd/dkong/ip/dkong_audio_joiner_0_0/dkong_audio_joiner_0_0/dkong_audio_joiner_0_0_in_context.xdc] for cell 'dkong_i/audio_joiner_0'
Finished Parsing XDC File [d:/Documents/University/ENSC452/Folder/dkong_system/dkong_system.srcs/sources_1/bd/dkong/ip/dkong_audio_joiner_0_0/dkong_audio_joiner_0_0/dkong_audio_joiner_0_0_in_context.xdc] for cell 'dkong_i/audio_joiner_0'
Parsing XDC File [d:/Documents/University/ENSC452/Folder/dkong_system/dkong_system.srcs/sources_1/bd/dkong/ip/dkong_axi_dma_0_0/dkong_axi_dma_0_0/dkong_axi_dma_0_0_in_context.xdc] for cell 'dkong_i/axi_dma_0'
Finished Parsing XDC File [d:/Documents/University/ENSC452/Folder/dkong_system/dkong_system.srcs/sources_1/bd/dkong/ip/dkong_axi_dma_0_0/dkong_axi_dma_0_0/dkong_axi_dma_0_0_in_context.xdc] for cell 'dkong_i/axi_dma_0'
Parsing XDC File [d:/Documents/University/ENSC452/Folder/dkong_system/dkong_system.srcs/sources_1/bd/dkong/ip/dkong_smartconnect_0_0/dkong_smartconnect_0_0/dkong_smartconnect_0_0_in_context.xdc] for cell 'dkong_i/smartconnect_0'
Finished Parsing XDC File [d:/Documents/University/ENSC452/Folder/dkong_system/dkong_system.srcs/sources_1/bd/dkong/ip/dkong_smartconnect_0_0/dkong_smartconnect_0_0/dkong_smartconnect_0_0_in_context.xdc] for cell 'dkong_i/smartconnect_0'
Parsing XDC File [d:/Documents/University/ENSC452/Folder/dkong_system/dkong_system.srcs/sources_1/bd/dkong/ip/dkong_smartconnect_1_0/dkong_smartconnect_1_0/dkong_smartconnect_1_0_in_context.xdc] for cell 'dkong_i/smartconnect_1'
Finished Parsing XDC File [d:/Documents/University/ENSC452/Folder/dkong_system/dkong_system.srcs/sources_1/bd/dkong/ip/dkong_smartconnect_1_0/dkong_smartconnect_1_0/dkong_smartconnect_1_0_in_context.xdc] for cell 'dkong_i/smartconnect_1'
Parsing XDC File [d:/Documents/University/ENSC452/Folder/dkong_system/dkong_system.srcs/sources_1/bd/dkong/ip/dkong_I2S_0_0/dkong_I2S_0_0/dkong_I2S_0_0_in_context.xdc] for cell 'dkong_i/I2S_0'
Finished Parsing XDC File [d:/Documents/University/ENSC452/Folder/dkong_system/dkong_system.srcs/sources_1/bd/dkong/ip/dkong_I2S_0_0/dkong_I2S_0_0/dkong_I2S_0_0_in_context.xdc] for cell 'dkong_i/I2S_0'
Parsing XDC File [d:/Documents/University/ENSC452/Folder/dkong_system/dkong_system.srcs/sources_1/bd/dkong/ip/dkong_axi_iic_0_0/dkong_axi_iic_0_0/dkong_axi_iic_0_0_in_context.xdc] for cell 'dkong_i/axi_iic_0'
Finished Parsing XDC File [d:/Documents/University/ENSC452/Folder/dkong_system/dkong_system.srcs/sources_1/bd/dkong/ip/dkong_axi_iic_0_0/dkong_axi_iic_0_0/dkong_axi_iic_0_0_in_context.xdc] for cell 'dkong_i/axi_iic_0'
Parsing XDC File [D:/Documents/University/ENSC452/Folder/dkong_system/dkong_system.srcs/constrs_1/imports/vga_tutorial_students/zedboard_master.xdc]
WARNING: [Vivado 12-584] No ports matched 'MCLK_O'. [D:/Documents/University/ENSC452/Folder/dkong_system/dkong_system.srcs/constrs_1/imports/vga_tutorial_students/zedboard_master.xdc:75]
WARNING: [Vivado 12-584] No ports matched '[get_ports -of_objects [get_iobanks 33]]'. [D:/Documents/University/ENSC452/Folder/dkong_system/dkong_system.srcs/constrs_1/imports/vga_tutorial_students/zedboard_master.xdc:362]
WARNING: [Vivado 12-584] No ports matched '[get_ports -of_objects [get_iobanks 34]]'. [D:/Documents/University/ENSC452/Folder/dkong_system/dkong_system.srcs/constrs_1/imports/vga_tutorial_students/zedboard_master.xdc:367]
WARNING: [Vivado 12-584] No ports matched '[get_ports -of_objects [get_iobanks 35]]'. [D:/Documents/University/ENSC452/Folder/dkong_system/dkong_system.srcs/constrs_1/imports/vga_tutorial_students/zedboard_master.xdc:372]
WARNING: [Vivado 12-584] No ports matched '[get_ports -of_objects [get_iobanks 13]]'. [D:/Documents/University/ENSC452/Folder/dkong_system/dkong_system.srcs/constrs_1/imports/vga_tutorial_students/zedboard_master.xdc:375]
Finished Parsing XDC File [D:/Documents/University/ENSC452/Folder/dkong_system/dkong_system.srcs/constrs_1/imports/vga_tutorial_students/zedboard_master.xdc]
WARNING: [Project 1-498] One or more constraints failed evaluation while reading constraint file [D:/Documents/University/ENSC452/Folder/dkong_system/dkong_system.srcs/constrs_1/imports/vga_tutorial_students/zedboard_master.xdc] and the design contains unresolved black boxes. These constraints will be read post-synthesis (as long as their source constraint file is marked as used_in_implementation) and should be applied correctly then. You should review the constraints listed in the file [.Xil/dkong_wrapper_propImpl.xdc] and check the run log file to verify that these constraints were correctly applied.
INFO: [Project 1-236] Implementation specific constraints were found while reading constraint file [D:/Documents/University/ENSC452/Folder/dkong_system/dkong_system.srcs/constrs_1/imports/vga_tutorial_students/zedboard_master.xdc]. These constraints will be ignored for synthesis but will be used in implementation. Impacted constraints are listed in the file [.Xil/dkong_wrapper_propImpl.xdc].
Resolution: To avoid this warning, move constraints listed in [.Xil/dkong_wrapper_propImpl.xdc] to another XDC file and exclude this new file from synthesis with the used_in_synthesis property (File Properties dialog in GUI) and re-run elaboration/synthesis.
Parsing XDC File [D:/Documents/University/ENSC452/Folder/dkong_system/dkong_system.runs/synth_1/dont_touch.xdc]
Finished Parsing XDC File [D:/Documents/University/ENSC452/Folder/dkong_system/dkong_system.runs/synth_1/dont_touch.xdc]
Completed Processing XDC Constraints

Netlist sorting complete. Time (s): cpu = 00:00:00 ; elapsed = 00:00:00 . Memory (MB): peak = 920.672 ; gain = 0.000
INFO: [Project 1-111] Unisim Transformation Summary:
  A total of 2 instances were transformed.
  IOBUF => IOBUF (IBUF, OBUFT): 2 instances

Constraint Validation Runtime : Time (s): cpu = 00:00:00 ; elapsed = 00:00:00.030 . Memory (MB): peak = 920.672 ; gain = 0.000
---------------------------------------------------------------------------------
Finished Constraint Validation : Time (s): cpu = 00:00:12 ; elapsed = 00:00:13 . Memory (MB): peak = 920.672 ; gain = 321.922
---------------------------------------------------------------------------------
---------------------------------------------------------------------------------
Start Loading Part and Timing Information
---------------------------------------------------------------------------------
Loading part: xc7z020clg484-1
---------------------------------------------------------------------------------
Finished Loading Part and Timing Information : Time (s): cpu = 00:00:12 ; elapsed = 00:00:13 . Memory (MB): peak = 920.672 ; gain = 321.922
---------------------------------------------------------------------------------
---------------------------------------------------------------------------------
Start Applying 'set_property' XDC Constraints
---------------------------------------------------------------------------------
Applied set_property IO_BUFFER_TYPE = NONE for FIXED_IO_mio[0]. (constraint file  d:/Documents/University/ENSC452/Folder/dkong_system/dkong_system.srcs/sources_1/bd/dkong/ip/dkong_processing_system7_0_0/dkong_processing_system7_0_0/dkong_processing_system7_0_0_in_context.xdc, line 2).
Applied set_property CLOCK_BUFFER_TYPE = NONE for FIXED_IO_mio[0]. (constraint file  d:/Documents/University/ENSC452/Folder/dkong_system/dkong_system.srcs/sources_1/bd/dkong/ip/dkong_processing_system7_0_0/dkong_processing_system7_0_0/dkong_processing_system7_0_0_in_context.xdc, line 3).
Applied set_property IO_BUFFER_TYPE = NONE for FIXED_IO_mio[10]. (constraint file  d:/Documents/University/ENSC452/Folder/dkong_system/dkong_system.srcs/sources_1/bd/dkong/ip/dkong_processing_system7_0_0/dkong_processing_system7_0_0/dkong_processing_system7_0_0_in_context.xdc, line 4).
Applied set_property CLOCK_BUFFER_TYPE = NONE for FIXED_IO_mio[10]. (constraint file  d:/Documents/University/ENSC452/Folder/dkong_system/dkong_system.srcs/sources_1/bd/dkong/ip/dkong_processing_system7_0_0/dkong_processing_system7_0_0/dkong_processing_system7_0_0_in_context.xdc, line 5).
Applied set_property IO_BUFFER_TYPE = NONE for FIXED_IO_mio[11]. (constraint file  d:/Documents/University/ENSC452/Folder/dkong_system/dkong_system.srcs/sources_1/bd/dkong/ip/dkong_processing_system7_0_0/dkong_processing_system7_0_0/dkong_processing_system7_0_0_in_context.xdc, line 6).
Applied set_property CLOCK_BUFFER_TYPE = NONE for FIXED_IO_mio[11]. (constraint file  d:/Documents/University/ENSC452/Folder/dkong_system/dkong_system.srcs/sources_1/bd/dkong/ip/dkong_processing_system7_0_0/dkong_processing_system7_0_0/dkong_processing_system7_0_0_in_context.xdc, line 7).
Applied set_property IO_BUFFER_TYPE = NONE for FIXED_IO_mio[12]. (constraint file  d:/Documents/University/ENSC452/Folder/dkong_system/dkong_system.srcs/sources_1/bd/dkong/ip/dkong_processing_system7_0_0/dkong_processing_system7_0_0/dkong_processing_system7_0_0_in_context.xdc, line 8).
Applied set_property CLOCK_BUFFER_TYPE = NONE for FIXED_IO_mio[12]. (constraint file  d:/Documents/University/ENSC452/Folder/dkong_system/dkong_system.srcs/sources_1/bd/dkong/ip/dkong_processing_system7_0_0/dkong_processing_system7_0_0/dkong_processing_system7_0_0_in_context.xdc, line 9).
Applied set_property IO_BUFFER_TYPE = NONE for FIXED_IO_mio[13]. (constraint file  d:/Documents/University/ENSC452/Folder/dkong_system/dkong_system.srcs/sources_1/bd/dkong/ip/dkong_processing_system7_0_0/dkong_processing_system7_0_0/dkong_processing_system7_0_0_in_context.xdc, line 10).
Applied set_property CLOCK_BUFFER_TYPE = NONE for FIXED_IO_mio[13]. (constraint file  d:/Documents/University/ENSC452/Folder/dkong_system/dkong_system.srcs/sources_1/bd/dkong/ip/dkong_processing_system7_0_0/dkong_processing_system7_0_0/dkong_processing_system7_0_0_in_context.xdc, line 11).
Applied set_property IO_BUFFER_TYPE = NONE for FIXED_IO_mio[14]. (constraint file  d:/Documents/University/ENSC452/Folder/dkong_system/dkong_system.srcs/sources_1/bd/dkong/ip/dkong_processing_system7_0_0/dkong_processing_system7_0_0/dkong_processing_system7_0_0_in_context.xdc, line 12).
Applied set_property CLOCK_BUFFER_TYPE = NONE for FIXED_IO_mio[14]. (constraint file  d:/Documents/University/ENSC452/Folder/dkong_system/dkong_system.srcs/sources_1/bd/dkong/ip/dkong_processing_system7_0_0/dkong_processing_system7_0_0/dkong_processing_system7_0_0_in_context.xdc, line 13).
Applied set_property IO_BUFFER_TYPE = NONE for FIXED_IO_mio[15]. (constraint file  d:/Documents/University/ENSC452/Folder/dkong_system/dkong_system.srcs/sources_1/bd/dkong/ip/dkong_processing_system7_0_0/dkong_processing_system7_0_0/dkong_processing_system7_0_0_in_context.xdc, line 14).
Applied set_property CLOCK_BUFFER_TYPE = NONE for FIXED_IO_mio[15]. (constraint file  d:/Documents/University/ENSC452/Folder/dkong_system/dkong_system.srcs/sources_1/bd/dkong/ip/dkong_processing_system7_0_0/dkong_processing_system7_0_0/dkong_processing_system7_0_0_in_context.xdc, line 15).
Applied set_property IO_BUFFER_TYPE = NONE for FIXED_IO_mio[16]. (constraint file  d:/Documents/University/ENSC452/Folder/dkong_system/dkong_system.srcs/sources_1/bd/dkong/ip/dkong_processing_system7_0_0/dkong_processing_system7_0_0/dkong_processing_system7_0_0_in_context.xdc, line 16).
Applied set_property CLOCK_BUFFER_TYPE = NONE for FIXED_IO_mio[16]. (constraint file  d:/Documents/University/ENSC452/Folder/dkong_system/dkong_system.srcs/sources_1/bd/dkong/ip/dkong_processing_system7_0_0/dkong_processing_system7_0_0/dkong_processing_system7_0_0_in_context.xdc, line 17).
Applied set_property IO_BUFFER_TYPE = NONE for FIXED_IO_mio[17]. (constraint file  d:/Documents/University/ENSC452/Folder/dkong_system/dkong_system.srcs/sources_1/bd/dkong/ip/dkong_processing_system7_0_0/dkong_processing_system7_0_0/dkong_processing_system7_0_0_in_context.xdc, line 18).
Applied set_property CLOCK_BUFFER_TYPE = NONE for FIXED_IO_mio[17]. (constraint file  d:/Documents/University/ENSC452/Folder/dkong_system/dkong_system.srcs/sources_1/bd/dkong/ip/dkong_processing_system7_0_0/dkong_processing_system7_0_0/dkong_processing_system7_0_0_in_context.xdc, line 19).
Applied set_property IO_BUFFER_TYPE = NONE for FIXED_IO_mio[18]. (constraint file  d:/Documents/University/ENSC452/Folder/dkong_system/dkong_system.srcs/sources_1/bd/dkong/ip/dkong_processing_system7_0_0/dkong_processing_system7_0_0/dkong_processing_system7_0_0_in_context.xdc, line 20).
Applied set_property CLOCK_BUFFER_TYPE = NONE for FIXED_IO_mio[18]. (constraint file  d:/Documents/University/ENSC452/Folder/dkong_system/dkong_system.srcs/sources_1/bd/dkong/ip/dkong_processing_system7_0_0/dkong_processing_system7_0_0/dkong_processing_system7_0_0_in_context.xdc, line 21).
Applied set_property IO_BUFFER_TYPE = NONE for FIXED_IO_mio[19]. (constraint file  d:/Documents/University/ENSC452/Folder/dkong_system/dkong_system.srcs/sources_1/bd/dkong/ip/dkong_processing_system7_0_0/dkong_processing_system7_0_0/dkong_processing_system7_0_0_in_context.xdc, line 22).
Applied set_property CLOCK_BUFFER_TYPE = NONE for FIXED_IO_mio[19]. (constraint file  d:/Documents/University/ENSC452/Folder/dkong_system/dkong_system.srcs/sources_1/bd/dkong/ip/dkong_processing_system7_0_0/dkong_processing_system7_0_0/dkong_processing_system7_0_0_in_context.xdc, line 23).
Applied set_property IO_BUFFER_TYPE = NONE for FIXED_IO_mio[1]. (constraint file  d:/Documents/University/ENSC452/Folder/dkong_system/dkong_system.srcs/sources_1/bd/dkong/ip/dkong_processing_system7_0_0/dkong_processing_system7_0_0/dkong_processing_system7_0_0_in_context.xdc, line 24).
Applied set_property CLOCK_BUFFER_TYPE = NONE for FIXED_IO_mio[1]. (constraint file  d:/Documents/University/ENSC452/Folder/dkong_system/dkong_system.srcs/sources_1/bd/dkong/ip/dkong_processing_system7_0_0/dkong_processing_system7_0_0/dkong_processing_system7_0_0_in_context.xdc, line 25).
Applied set_property IO_BUFFER_TYPE = NONE for FIXED_IO_mio[20]. (constraint file  d:/Documents/University/ENSC452/Folder/dkong_system/dkong_system.srcs/sources_1/bd/dkong/ip/dkong_processing_system7_0_0/dkong_processing_system7_0_0/dkong_processing_system7_0_0_in_context.xdc, line 26).
Applied set_property CLOCK_BUFFER_TYPE = NONE for FIXED_IO_mio[20]. (constraint file  d:/Documents/University/ENSC452/Folder/dkong_system/dkong_system.srcs/sources_1/bd/dkong/ip/dkong_processing_system7_0_0/dkong_processing_system7_0_0/dkong_processing_system7_0_0_in_context.xdc, line 27).
Applied set_property IO_BUFFER_TYPE = NONE for FIXED_IO_mio[21]. (constraint file  d:/Documents/University/ENSC452/Folder/dkong_system/dkong_system.srcs/sources_1/bd/dkong/ip/dkong_processing_system7_0_0/dkong_processing_system7_0_0/dkong_processing_system7_0_0_in_context.xdc, line 28).
Applied set_property CLOCK_BUFFER_TYPE = NONE for FIXED_IO_mio[21]. (constraint file  d:/Documents/University/ENSC452/Folder/dkong_system/dkong_system.srcs/sources_1/bd/dkong/ip/dkong_processing_system7_0_0/dkong_processing_system7_0_0/dkong_processing_system7_0_0_in_context.xdc, line 29).
Applied set_property IO_BUFFER_TYPE = NONE for FIXED_IO_mio[22]. (constraint file  d:/Documents/University/ENSC452/Folder/dkong_system/dkong_system.srcs/sources_1/bd/dkong/ip/dkong_processing_system7_0_0/dkong_processing_system7_0_0/dkong_processing_system7_0_0_in_context.xdc, line 30).
Applied set_property CLOCK_BUFFER_TYPE = NONE for FIXED_IO_mio[22]. (constraint file  d:/Documents/University/ENSC452/Folder/dkong_system/dkong_system.srcs/sources_1/bd/dkong/ip/dkong_processing_system7_0_0/dkong_processing_system7_0_0/dkong_processing_system7_0_0_in_context.xdc, line 31).
Applied set_property IO_BUFFER_TYPE = NONE for FIXED_IO_mio[23]. (constraint file  d:/Documents/University/ENSC452/Folder/dkong_system/dkong_system.srcs/sources_1/bd/dkong/ip/dkong_processing_system7_0_0/dkong_processing_system7_0_0/dkong_processing_system7_0_0_in_context.xdc, line 32).
Applied set_property CLOCK_BUFFER_TYPE = NONE for FIXED_IO_mio[23]. (constraint file  d:/Documents/University/ENSC452/Folder/dkong_system/dkong_system.srcs/sources_1/bd/dkong/ip/dkong_processing_system7_0_0/dkong_processing_system7_0_0/dkong_processing_system7_0_0_in_context.xdc, line 33).
Applied set_property IO_BUFFER_TYPE = NONE for FIXED_IO_mio[24]. (constraint file  d:/Documents/University/ENSC452/Folder/dkong_system/dkong_system.srcs/sources_1/bd/dkong/ip/dkong_processing_system7_0_0/dkong_processing_system7_0_0/dkong_processing_system7_0_0_in_context.xdc, line 34).
Applied set_property CLOCK_BUFFER_TYPE = NONE for FIXED_IO_mio[24]. (constraint file  d:/Documents/University/ENSC452/Folder/dkong_system/dkong_system.srcs/sources_1/bd/dkong/ip/dkong_processing_system7_0_0/dkong_processing_system7_0_0/dkong_processing_system7_0_0_in_context.xdc, line 35).
Applied set_property IO_BUFFER_TYPE = NONE for FIXED_IO_mio[25]. (constraint file  d:/Documents/University/ENSC452/Folder/dkong_system/dkong_system.srcs/sources_1/bd/dkong/ip/dkong_processing_system7_0_0/dkong_processing_system7_0_0/dkong_processing_system7_0_0_in_context.xdc, line 36).
Applied set_property CLOCK_BUFFER_TYPE = NONE for FIXED_IO_mio[25]. (constraint file  d:/Documents/University/ENSC452/Folder/dkong_system/dkong_system.srcs/sources_1/bd/dkong/ip/dkong_processing_system7_0_0/dkong_processing_system7_0_0/dkong_processing_system7_0_0_in_context.xdc, line 37).
Applied set_property IO_BUFFER_TYPE = NONE for FIXED_IO_mio[26]. (constraint file  d:/Documents/University/ENSC452/Folder/dkong_system/dkong_system.srcs/sources_1/bd/dkong/ip/dkong_processing_system7_0_0/dkong_processing_system7_0_0/dkong_processing_system7_0_0_in_context.xdc, line 38).
Applied set_property CLOCK_BUFFER_TYPE = NONE for FIXED_IO_mio[26]. (constraint file  d:/Documents/University/ENSC452/Folder/dkong_system/dkong_system.srcs/sources_1/bd/dkong/ip/dkong_processing_system7_0_0/dkong_processing_system7_0_0/dkong_processing_system7_0_0_in_context.xdc, line 39).
Applied set_property IO_BUFFER_TYPE = NONE for FIXED_IO_mio[27]. (constraint file  d:/Documents/University/ENSC452/Folder/dkong_system/dkong_system.srcs/sources_1/bd/dkong/ip/dkong_processing_system7_0_0/dkong_processing_system7_0_0/dkong_processing_system7_0_0_in_context.xdc, line 40).
Applied set_property CLOCK_BUFFER_TYPE = NONE for FIXED_IO_mio[27]. (constraint file  d:/Documents/University/ENSC452/Folder/dkong_system/dkong_system.srcs/sources_1/bd/dkong/ip/dkong_processing_system7_0_0/dkong_processing_system7_0_0/dkong_processing_system7_0_0_in_context.xdc, line 41).
Applied set_property IO_BUFFER_TYPE = NONE for FIXED_IO_mio[28]. (constraint file  d:/Documents/University/ENSC452/Folder/dkong_system/dkong_system.srcs/sources_1/bd/dkong/ip/dkong_processing_system7_0_0/dkong_processing_system7_0_0/dkong_processing_system7_0_0_in_context.xdc, line 42).
Applied set_property CLOCK_BUFFER_TYPE = NONE for FIXED_IO_mio[28]. (constraint file  d:/Documents/University/ENSC452/Folder/dkong_system/dkong_system.srcs/sources_1/bd/dkong/ip/dkong_processing_system7_0_0/dkong_processing_system7_0_0/dkong_processing_system7_0_0_in_context.xdc, line 43).
Applied set_property IO_BUFFER_TYPE = NONE for FIXED_IO_mio[29]. (constraint file  d:/Documents/University/ENSC452/Folder/dkong_system/dkong_system.srcs/sources_1/bd/dkong/ip/dkong_processing_system7_0_0/dkong_processing_system7_0_0/dkong_processing_system7_0_0_in_context.xdc, line 44).
Applied set_property CLOCK_BUFFER_TYPE = NONE for FIXED_IO_mio[29]. (constraint file  d:/Documents/University/ENSC452/Folder/dkong_system/dkong_system.srcs/sources_1/bd/dkong/ip/dkong_processing_system7_0_0/dkong_processing_system7_0_0/dkong_processing_system7_0_0_in_context.xdc, line 45).
Applied set_property IO_BUFFER_TYPE = NONE for FIXED_IO_mio[2]. (constraint file  d:/Documents/University/ENSC452/Folder/dkong_system/dkong_system.srcs/sources_1/bd/dkong/ip/dkong_processing_system7_0_0/dkong_processing_system7_0_0/dkong_processing_system7_0_0_in_context.xdc, line 46).
Applied set_property CLOCK_BUFFER_TYPE = NONE for FIXED_IO_mio[2]. (constraint file  d:/Documents/University/ENSC452/Folder/dkong_system/dkong_system.srcs/sources_1/bd/dkong/ip/dkong_processing_system7_0_0/dkong_processing_system7_0_0/dkong_processing_system7_0_0_in_context.xdc, line 47).
Applied set_property IO_BUFFER_TYPE = NONE for FIXED_IO_mio[30]. (constraint file  d:/Documents/University/ENSC452/Folder/dkong_system/dkong_system.srcs/sources_1/bd/dkong/ip/dkong_processing_system7_0_0/dkong_processing_system7_0_0/dkong_processing_system7_0_0_in_context.xdc, line 48).
Applied set_property CLOCK_BUFFER_TYPE = NONE for FIXED_IO_mio[30]. (constraint file  d:/Documents/University/ENSC452/Folder/dkong_system/dkong_system.srcs/sources_1/bd/dkong/ip/dkong_processing_system7_0_0/dkong_processing_system7_0_0/dkong_processing_system7_0_0_in_context.xdc, line 49).
Applied set_property IO_BUFFER_TYPE = NONE for FIXED_IO_mio[31]. (constraint file  d:/Documents/University/ENSC452/Folder/dkong_system/dkong_system.srcs/sources_1/bd/dkong/ip/dkong_processing_system7_0_0/dkong_processing_system7_0_0/dkong_processing_system7_0_0_in_context.xdc, line 50).
Applied set_property CLOCK_BUFFER_TYPE = NONE for FIXED_IO_mio[31]. (constraint file  d:/Documents/University/ENSC452/Folder/dkong_system/dkong_system.srcs/sources_1/bd/dkong/ip/dkong_processing_system7_0_0/dkong_processing_system7_0_0/dkong_processing_system7_0_0_in_context.xdc, line 51).
Applied set_property IO_BUFFER_TYPE = NONE for FIXED_IO_mio[32]. (constraint file  d:/Documents/University/ENSC452/Folder/dkong_system/dkong_system.srcs/sources_1/bd/dkong/ip/dkong_processing_system7_0_0/dkong_processing_system7_0_0/dkong_processing_system7_0_0_in_context.xdc, line 52).
Applied set_property CLOCK_BUFFER_TYPE = NONE for FIXED_IO_mio[32]. (constraint file  d:/Documents/University/ENSC452/Folder/dkong_system/dkong_system.srcs/sources_1/bd/dkong/ip/dkong_processing_system7_0_0/dkong_processing_system7_0_0/dkong_processing_system7_0_0_in_context.xdc, line 53).
Applied set_property IO_BUFFER_TYPE = NONE for FIXED_IO_mio[33]. (constraint file  d:/Documents/University/ENSC452/Folder/dkong_system/dkong_system.srcs/sources_1/bd/dkong/ip/dkong_processing_system7_0_0/dkong_processing_system7_0_0/dkong_processing_system7_0_0_in_context.xdc, line 54).
Applied set_property CLOCK_BUFFER_TYPE = NONE for FIXED_IO_mio[33]. (constraint file  d:/Documents/University/ENSC452/Folder/dkong_system/dkong_system.srcs/sources_1/bd/dkong/ip/dkong_processing_system7_0_0/dkong_processing_system7_0_0/dkong_processing_system7_0_0_in_context.xdc, line 55).
Applied set_property IO_BUFFER_TYPE = NONE for FIXED_IO_mio[34]. (constraint file  d:/Documents/University/ENSC452/Folder/dkong_system/dkong_system.srcs/sources_1/bd/dkong/ip/dkong_processing_system7_0_0/dkong_processing_system7_0_0/dkong_processing_system7_0_0_in_context.xdc, line 56).
Applied set_property CLOCK_BUFFER_TYPE = NONE for FIXED_IO_mio[34]. (constraint file  d:/Documents/University/ENSC452/Folder/dkong_system/dkong_system.srcs/sources_1/bd/dkong/ip/dkong_processing_system7_0_0/dkong_processing_system7_0_0/dkong_processing_system7_0_0_in_context.xdc, line 57).
Applied set_property IO_BUFFER_TYPE = NONE for FIXED_IO_mio[35]. (constraint file  d:/Documents/University/ENSC452/Folder/dkong_system/dkong_system.srcs/sources_1/bd/dkong/ip/dkong_processing_system7_0_0/dkong_processing_system7_0_0/dkong_processing_system7_0_0_in_context.xdc, line 58).
Applied set_property CLOCK_BUFFER_TYPE = NONE for FIXED_IO_mio[35]. (constraint file  d:/Documents/University/ENSC452/Folder/dkong_system/dkong_system.srcs/sources_1/bd/dkong/ip/dkong_processing_system7_0_0/dkong_processing_system7_0_0/dkong_processing_system7_0_0_in_context.xdc, line 59).
Applied set_property IO_BUFFER_TYPE = NONE for FIXED_IO_mio[36]. (constraint file  d:/Documents/University/ENSC452/Folder/dkong_system/dkong_system.srcs/sources_1/bd/dkong/ip/dkong_processing_system7_0_0/dkong_processing_system7_0_0/dkong_processing_system7_0_0_in_context.xdc, line 60).
Applied set_property CLOCK_BUFFER_TYPE = NONE for FIXED_IO_mio[36]. (constraint file  d:/Documents/University/ENSC452/Folder/dkong_system/dkong_system.srcs/sources_1/bd/dkong/ip/dkong_processing_system7_0_0/dkong_processing_system7_0_0/dkong_processing_system7_0_0_in_context.xdc, line 61).
Applied set_property IO_BUFFER_TYPE = NONE for FIXED_IO_mio[37]. (constraint file  d:/Documents/University/ENSC452/Folder/dkong_system/dkong_system.srcs/sources_1/bd/dkong/ip/dkong_processing_system7_0_0/dkong_processing_system7_0_0/dkong_processing_system7_0_0_in_context.xdc, line 62).
Applied set_property CLOCK_BUFFER_TYPE = NONE for FIXED_IO_mio[37]. (constraint file  d:/Documents/University/ENSC452/Folder/dkong_system/dkong_system.srcs/sources_1/bd/dkong/ip/dkong_processing_system7_0_0/dkong_processing_system7_0_0/dkong_processing_system7_0_0_in_context.xdc, line 63).
Applied set_property IO_BUFFER_TYPE = NONE for FIXED_IO_mio[38]. (constraint file  d:/Documents/University/ENSC452/Folder/dkong_system/dkong_system.srcs/sources_1/bd/dkong/ip/dkong_processing_system7_0_0/dkong_processing_system7_0_0/dkong_processing_system7_0_0_in_context.xdc, line 64).
Applied set_property CLOCK_BUFFER_TYPE = NONE for FIXED_IO_mio[38]. (constraint file  d:/Documents/University/ENSC452/Folder/dkong_system/dkong_system.srcs/sources_1/bd/dkong/ip/dkong_processing_system7_0_0/dkong_processing_system7_0_0/dkong_processing_system7_0_0_in_context.xdc, line 65).
Applied set_property IO_BUFFER_TYPE = NONE for FIXED_IO_mio[39]. (constraint file  d:/Documents/University/ENSC452/Folder/dkong_system/dkong_system.srcs/sources_1/bd/dkong/ip/dkong_processing_system7_0_0/dkong_processing_system7_0_0/dkong_processing_system7_0_0_in_context.xdc, line 66).
Applied set_property CLOCK_BUFFER_TYPE = NONE for FIXED_IO_mio[39]. (constraint file  d:/Documents/University/ENSC452/Folder/dkong_system/dkong_system.srcs/sources_1/bd/dkong/ip/dkong_processing_system7_0_0/dkong_processing_system7_0_0/dkong_processing_system7_0_0_in_context.xdc, line 67).
Applied set_property IO_BUFFER_TYPE = NONE for FIXED_IO_mio[3]. (constraint file  d:/Documents/University/ENSC452/Folder/dkong_system/dkong_system.srcs/sources_1/bd/dkong/ip/dkong_processing_system7_0_0/dkong_processing_system7_0_0/dkong_processing_system7_0_0_in_context.xdc, line 68).
Applied set_property CLOCK_BUFFER_TYPE = NONE for FIXED_IO_mio[3]. (constraint file  d:/Documents/University/ENSC452/Folder/dkong_system/dkong_system.srcs/sources_1/bd/dkong/ip/dkong_processing_system7_0_0/dkong_processing_system7_0_0/dkong_processing_system7_0_0_in_context.xdc, line 69).
Applied set_property IO_BUFFER_TYPE = NONE for FIXED_IO_mio[40]. (constraint file  d:/Documents/University/ENSC452/Folder/dkong_system/dkong_system.srcs/sources_1/bd/dkong/ip/dkong_processing_system7_0_0/dkong_processing_system7_0_0/dkong_processing_system7_0_0_in_context.xdc, line 70).
Applied set_property CLOCK_BUFFER_TYPE = NONE for FIXED_IO_mio[40]. (constraint file  d:/Documents/University/ENSC452/Folder/dkong_system/dkong_system.srcs/sources_1/bd/dkong/ip/dkong_processing_system7_0_0/dkong_processing_system7_0_0/dkong_processing_system7_0_0_in_context.xdc, line 71).
Applied set_property IO_BUFFER_TYPE = NONE for FIXED_IO_mio[41]. (constraint file  d:/Documents/University/ENSC452/Folder/dkong_system/dkong_system.srcs/sources_1/bd/dkong/ip/dkong_processing_system7_0_0/dkong_processing_system7_0_0/dkong_processing_system7_0_0_in_context.xdc, line 72).
Applied set_property CLOCK_BUFFER_TYPE = NONE for FIXED_IO_mio[41]. (constraint file  d:/Documents/University/ENSC452/Folder/dkong_system/dkong_system.srcs/sources_1/bd/dkong/ip/dkong_processing_system7_0_0/dkong_processing_system7_0_0/dkong_processing_system7_0_0_in_context.xdc, line 73).
Applied set_property IO_BUFFER_TYPE = NONE for FIXED_IO_mio[42]. (constraint file  d:/Documents/University/ENSC452/Folder/dkong_system/dkong_system.srcs/sources_1/bd/dkong/ip/dkong_processing_system7_0_0/dkong_processing_system7_0_0/dkong_processing_system7_0_0_in_context.xdc, line 74).
Applied set_property CLOCK_BUFFER_TYPE = NONE for FIXED_IO_mio[42]. (constraint file  d:/Documents/University/ENSC452/Folder/dkong_system/dkong_system.srcs/sources_1/bd/dkong/ip/dkong_processing_system7_0_0/dkong_processing_system7_0_0/dkong_processing_system7_0_0_in_context.xdc, line 75).
Applied set_property IO_BUFFER_TYPE = NONE for FIXED_IO_mio[43]. (constraint file  d:/Documents/University/ENSC452/Folder/dkong_system/dkong_system.srcs/sources_1/bd/dkong/ip/dkong_processing_system7_0_0/dkong_processing_system7_0_0/dkong_processing_system7_0_0_in_context.xdc, line 76).
Applied set_property CLOCK_BUFFER_TYPE = NONE for FIXED_IO_mio[43]. (constraint file  d:/Documents/University/ENSC452/Folder/dkong_system/dkong_system.srcs/sources_1/bd/dkong/ip/dkong_processing_system7_0_0/dkong_processing_system7_0_0/dkong_processing_system7_0_0_in_context.xdc, line 77).
Applied set_property IO_BUFFER_TYPE = NONE for FIXED_IO_mio[44]. (constraint file  d:/Documents/University/ENSC452/Folder/dkong_system/dkong_system.srcs/sources_1/bd/dkong/ip/dkong_processing_system7_0_0/dkong_processing_system7_0_0/dkong_processing_system7_0_0_in_context.xdc, line 78).
Applied set_property CLOCK_BUFFER_TYPE = NONE for FIXED_IO_mio[44]. (constraint file  d:/Documents/University/ENSC452/Folder/dkong_system/dkong_system.srcs/sources_1/bd/dkong/ip/dkong_processing_system7_0_0/dkong_processing_system7_0_0/dkong_processing_system7_0_0_in_context.xdc, line 79).
Applied set_property IO_BUFFER_TYPE = NONE for FIXED_IO_mio[45]. (constraint file  d:/Documents/University/ENSC452/Folder/dkong_system/dkong_system.srcs/sources_1/bd/dkong/ip/dkong_processing_system7_0_0/dkong_processing_system7_0_0/dkong_processing_system7_0_0_in_context.xdc, line 80).
Applied set_property CLOCK_BUFFER_TYPE = NONE for FIXED_IO_mio[45]. (constraint file  d:/Documents/University/ENSC452/Folder/dkong_system/dkong_system.srcs/sources_1/bd/dkong/ip/dkong_processing_system7_0_0/dkong_processing_system7_0_0/dkong_processing_system7_0_0_in_context.xdc, line 81).
Applied set_property IO_BUFFER_TYPE = NONE for FIXED_IO_mio[46]. (constraint file  d:/Documents/University/ENSC452/Folder/dkong_system/dkong_system.srcs/sources_1/bd/dkong/ip/dkong_processing_system7_0_0/dkong_processing_system7_0_0/dkong_processing_system7_0_0_in_context.xdc, line 82).
Applied set_property CLOCK_BUFFER_TYPE = NONE for FIXED_IO_mio[46]. (constraint file  d:/Documents/University/ENSC452/Folder/dkong_system/dkong_system.srcs/sources_1/bd/dkong/ip/dkong_processing_system7_0_0/dkong_processing_system7_0_0/dkong_processing_system7_0_0_in_context.xdc, line 83).
Applied set_property IO_BUFFER_TYPE = NONE for FIXED_IO_mio[47]. (constraint file  d:/Documents/University/ENSC452/Folder/dkong_system/dkong_system.srcs/sources_1/bd/dkong/ip/dkong_processing_system7_0_0/dkong_processing_system7_0_0/dkong_processing_system7_0_0_in_context.xdc, line 84).
Applied set_property CLOCK_BUFFER_TYPE = NONE for FIXED_IO_mio[47]. (constraint file  d:/Documents/University/ENSC452/Folder/dkong_system/dkong_system.srcs/sources_1/bd/dkong/ip/dkong_processing_system7_0_0/dkong_processing_system7_0_0/dkong_processing_system7_0_0_in_context.xdc, line 85).
Applied set_property IO_BUFFER_TYPE = NONE for FIXED_IO_mio[48]. (constraint file  d:/Documents/University/ENSC452/Folder/dkong_system/dkong_system.srcs/sources_1/bd/dkong/ip/dkong_processing_system7_0_0/dkong_processing_system7_0_0/dkong_processing_system7_0_0_in_context.xdc, line 86).
Applied set_property CLOCK_BUFFER_TYPE = NONE for FIXED_IO_mio[48]. (constraint file  d:/Documents/University/ENSC452/Folder/dkong_system/dkong_system.srcs/sources_1/bd/dkong/ip/dkong_processing_system7_0_0/dkong_processing_system7_0_0/dkong_processing_system7_0_0_in_context.xdc, line 87).
Applied set_property IO_BUFFER_TYPE = NONE for FIXED_IO_mio[49]. (constraint file  d:/Documents/University/ENSC452/Folder/dkong_system/dkong_system.srcs/sources_1/bd/dkong/ip/dkong_processing_system7_0_0/dkong_processing_system7_0_0/dkong_processing_system7_0_0_in_context.xdc, line 88).
Applied set_property CLOCK_BUFFER_TYPE = NONE for FIXED_IO_mio[49]. (constraint file  d:/Documents/University/ENSC452/Folder/dkong_system/dkong_system.srcs/sources_1/bd/dkong/ip/dkong_processing_system7_0_0/dkong_processing_system7_0_0/dkong_processing_system7_0_0_in_context.xdc, line 89).
Applied set_property IO_BUFFER_TYPE = NONE for FIXED_IO_mio[4]. (constraint file  d:/Documents/University/ENSC452/Folder/dkong_system/dkong_system.srcs/sources_1/bd/dkong/ip/dkong_processing_system7_0_0/dkong_processing_system7_0_0/dkong_processing_system7_0_0_in_context.xdc, line 90).
Applied set_property CLOCK_BUFFER_TYPE = NONE for FIXED_IO_mio[4]. (constraint file  d:/Documents/University/ENSC452/Folder/dkong_system/dkong_system.srcs/sources_1/bd/dkong/ip/dkong_processing_system7_0_0/dkong_processing_system7_0_0/dkong_processing_system7_0_0_in_context.xdc, line 91).
Applied set_property IO_BUFFER_TYPE = NONE for FIXED_IO_mio[50]. (constraint file  d:/Documents/University/ENSC452/Folder/dkong_system/dkong_system.srcs/sources_1/bd/dkong/ip/dkong_processing_system7_0_0/dkong_processing_system7_0_0/dkong_processing_system7_0_0_in_context.xdc, line 92).
Applied set_property CLOCK_BUFFER_TYPE = NONE for FIXED_IO_mio[50]. (constraint file  d:/Documents/University/ENSC452/Folder/dkong_system/dkong_system.srcs/sources_1/bd/dkong/ip/dkong_processing_system7_0_0/dkong_processing_system7_0_0/dkong_processing_system7_0_0_in_context.xdc, line 93).
Applied set_property IO_BUFFER_TYPE = NONE for FIXED_IO_mio[51]. (constraint file  d:/Documents/University/ENSC452/Folder/dkong_system/dkong_system.srcs/sources_1/bd/dkong/ip/dkong_processing_system7_0_0/dkong_processing_system7_0_0/dkong_processing_system7_0_0_in_context.xdc, line 94).
Applied set_property CLOCK_BUFFER_TYPE = NONE for FIXED_IO_mio[51]. (constraint file  d:/Documents/University/ENSC452/Folder/dkong_system/dkong_system.srcs/sources_1/bd/dkong/ip/dkong_processing_system7_0_0/dkong_processing_system7_0_0/dkong_processing_system7_0_0_in_context.xdc, line 95).
Applied set_property IO_BUFFER_TYPE = NONE for FIXED_IO_mio[52]. (constraint file  d:/Documents/University/ENSC452/Folder/dkong_system/dkong_system.srcs/sources_1/bd/dkong/ip/dkong_processing_system7_0_0/dkong_processing_system7_0_0/dkong_processing_system7_0_0_in_context.xdc, line 96).
Applied set_property CLOCK_BUFFER_TYPE = NONE for FIXED_IO_mio[52]. (constraint file  d:/Documents/University/ENSC452/Folder/dkong_system/dkong_system.srcs/sources_1/bd/dkong/ip/dkong_processing_system7_0_0/dkong_processing_system7_0_0/dkong_processing_system7_0_0_in_context.xdc, line 97).
Applied set_property IO_BUFFER_TYPE = NONE for FIXED_IO_mio[53]. (constraint file  d:/Documents/University/ENSC452/Folder/dkong_system/dkong_system.srcs/sources_1/bd/dkong/ip/dkong_processing_system7_0_0/dkong_processing_system7_0_0/dkong_processing_system7_0_0_in_context.xdc, line 98).
Applied set_property CLOCK_BUFFER_TYPE = NONE for FIXED_IO_mio[53]. (constraint file  d:/Documents/University/ENSC452/Folder/dkong_system/dkong_system.srcs/sources_1/bd/dkong/ip/dkong_processing_system7_0_0/dkong_processing_system7_0_0/dkong_processing_system7_0_0_in_context.xdc, line 99).
Applied set_property IO_BUFFER_TYPE = NONE for FIXED_IO_mio[5]. (constraint file  d:/Documents/University/ENSC452/Folder/dkong_system/dkong_system.srcs/sources_1/bd/dkong/ip/dkong_processing_system7_0_0/dkong_processing_system7_0_0/dkong_processing_system7_0_0_in_context.xdc, line 100).
Applied set_property CLOCK_BUFFER_TYPE = NONE for FIXED_IO_mio[5]. (constraint file  d:/Documents/University/ENSC452/Folder/dkong_system/dkong_system.srcs/sources_1/bd/dkong/ip/dkong_processing_system7_0_0/dkong_processing_system7_0_0/dkong_processing_system7_0_0_in_context.xdc, line 101).
Applied set_property IO_BUFFER_TYPE = NONE for FIXED_IO_mio[6]. (constraint file  d:/Documents/University/ENSC452/Folder/dkong_system/dkong_system.srcs/sources_1/bd/dkong/ip/dkong_processing_system7_0_0/dkong_processing_system7_0_0/dkong_processing_system7_0_0_in_context.xdc, line 102).
Applied set_property CLOCK_BUFFER_TYPE = NONE for FIXED_IO_mio[6]. (constraint file  d:/Documents/University/ENSC452/Folder/dkong_system/dkong_system.srcs/sources_1/bd/dkong/ip/dkong_processing_system7_0_0/dkong_processing_system7_0_0/dkong_processing_system7_0_0_in_context.xdc, line 103).
Applied set_property IO_BUFFER_TYPE = NONE for FIXED_IO_mio[7]. (constraint file  d:/Documents/University/ENSC452/Folder/dkong_system/dkong_system.srcs/sources_1/bd/dkong/ip/dkong_processing_system7_0_0/dkong_processing_system7_0_0/dkong_processing_system7_0_0_in_context.xdc, line 104).
Applied set_property CLOCK_BUFFER_TYPE = NONE for FIXED_IO_mio[7]. (constraint file  d:/Documents/University/ENSC452/Folder/dkong_system/dkong_system.srcs/sources_1/bd/dkong/ip/dkong_processing_system7_0_0/dkong_processing_system7_0_0/dkong_processing_system7_0_0_in_context.xdc, line 105).
Applied set_property IO_BUFFER_TYPE = NONE for FIXED_IO_mio[8]. (constraint file  d:/Documents/University/ENSC452/Folder/dkong_system/dkong_system.srcs/sources_1/bd/dkong/ip/dkong_processing_system7_0_0/dkong_processing_system7_0_0/dkong_processing_system7_0_0_in_context.xdc, line 106).
Applied set_property CLOCK_BUFFER_TYPE = NONE for FIXED_IO_mio[8]. (constraint file  d:/Documents/University/ENSC452/Folder/dkong_system/dkong_system.srcs/sources_1/bd/dkong/ip/dkong_processing_system7_0_0/dkong_processing_system7_0_0/dkong_processing_system7_0_0_in_context.xdc, line 107).
Applied set_property IO_BUFFER_TYPE = NONE for FIXED_IO_mio[9]. (constraint file  d:/Documents/University/ENSC452/Folder/dkong_system/dkong_system.srcs/sources_1/bd/dkong/ip/dkong_processing_system7_0_0/dkong_processing_system7_0_0/dkong_processing_system7_0_0_in_context.xdc, line 108).
Applied set_property CLOCK_BUFFER_TYPE = NONE for FIXED_IO_mio[9]. (constraint file  d:/Documents/University/ENSC452/Folder/dkong_system/dkong_system.srcs/sources_1/bd/dkong/ip/dkong_processing_system7_0_0/dkong_processing_system7_0_0/dkong_processing_system7_0_0_in_context.xdc, line 109).
Applied set_property IO_BUFFER_TYPE = NONE for FIXED_IO_ps_clk. (constraint file  d:/Documents/University/ENSC452/Folder/dkong_system/dkong_system.srcs/sources_1/bd/dkong/ip/dkong_processing_system7_0_0/dkong_processing_system7_0_0/dkong_processing_system7_0_0_in_context.xdc, line 110).
Applied set_property CLOCK_BUFFER_TYPE = NONE for FIXED_IO_ps_clk. (constraint file  d:/Documents/University/ENSC452/Folder/dkong_system/dkong_system.srcs/sources_1/bd/dkong/ip/dkong_processing_system7_0_0/dkong_processing_system7_0_0/dkong_processing_system7_0_0_in_context.xdc, line 111).
Applied set_property IO_BUFFER_TYPE = NONE for FIXED_IO_ps_porb. (constraint file  d:/Documents/University/ENSC452/Folder/dkong_system/dkong_system.srcs/sources_1/bd/dkong/ip/dkong_processing_system7_0_0/dkong_processing_system7_0_0/dkong_processing_system7_0_0_in_context.xdc, line 112).
Applied set_property CLOCK_BUFFER_TYPE = NONE for FIXED_IO_ps_porb. (constraint file  d:/Documents/University/ENSC452/Folder/dkong_system/dkong_system.srcs/sources_1/bd/dkong/ip/dkong_processing_system7_0_0/dkong_processing_system7_0_0/dkong_processing_system7_0_0_in_context.xdc, line 113).
Applied set_property IO_BUFFER_TYPE = NONE for FIXED_IO_ps_srstb. (constraint file  d:/Documents/University/ENSC452/Folder/dkong_system/dkong_system.srcs/sources_1/bd/dkong/ip/dkong_processing_system7_0_0/dkong_processing_system7_0_0/dkong_processing_system7_0_0_in_context.xdc, line 114).
Applied set_property CLOCK_BUFFER_TYPE = NONE for FIXED_IO_ps_srstb. (constraint file  d:/Documents/University/ENSC452/Folder/dkong_system/dkong_system.srcs/sources_1/bd/dkong/ip/dkong_processing_system7_0_0/dkong_processing_system7_0_0/dkong_processing_system7_0_0_in_context.xdc, line 115).
Applied set_property DONT_TOUCH = true for dkong_i. (constraint file  auto generated constraint, line ).
Applied set_property DONT_TOUCH = true for dkong_i/dkong_system_wrapper_0. (constraint file  auto generated constraint, line ).
Applied set_property DONT_TOUCH = true for dkong_i/processing_system7_0. (constraint file  auto generated constraint, line ).
Applied set_property DONT_TOUCH = true for dkong_i/proc_sys_reset_0. (constraint file  auto generated constraint, line ).
Applied set_property DONT_TOUCH = true for dkong_i/mux4_0. (constraint file  auto generated constraint, line ).
Applied set_property DONT_TOUCH = true for dkong_i/clk_wiz_0. (constraint file  auto generated constraint, line ).
Applied set_property DONT_TOUCH = true for dkong_i/proc_sys_reset_1. (constraint file  auto generated constraint, line ).
Applied set_property DONT_TOUCH = true for dkong_i/framedoubler_slow_0. (constraint file  auto generated constraint, line ).
Applied set_property DONT_TOUCH = true for dkong_i/demux2_0. (constraint file  auto generated constraint, line ).
Applied set_property DONT_TOUCH = true for dkong_i/demux2_1. (constraint file  auto generated constraint, line ).
Applied set_property DONT_TOUCH = true for dkong_i/demux2_2. (constraint file  auto generated constraint, line ).
Applied set_property DONT_TOUCH = true for dkong_i/demux2_3. (constraint file  auto generated constraint, line ).
Applied set_property DONT_TOUCH = true for dkong_i/demux2_4. (constraint file  auto generated constraint, line ).
Applied set_property DONT_TOUCH = true for dkong_i/xlconcat_0. (constraint file  auto generated constraint, line ).
Applied set_property DONT_TOUCH = true for dkong_i/audio_joiner_0. (constraint file  auto generated constraint, line ).
Applied set_property DONT_TOUCH = true for dkong_i/axi_dma_0. (constraint file  auto generated constraint, line ).
Applied set_property DONT_TOUCH = true for dkong_i/smartconnect_0. (constraint file  auto generated constraint, line ).
Applied set_property DONT_TOUCH = true for dkong_i/smartconnect_1. (constraint file  auto generated constraint, line ).
Applied set_property DONT_TOUCH = true for dkong_i/I2S_0. (constraint file  auto generated constraint, line ).
Applied set_property DONT_TOUCH = true for dkong_i/axi_iic_0. (constraint file  auto generated constraint, line ).
---------------------------------------------------------------------------------
Finished applying 'set_property' XDC Constraints : Time (s): cpu = 00:00:13 ; elapsed = 00:00:13 . Memory (MB): peak = 920.672 ; gain = 321.922
---------------------------------------------------------------------------------
---------------------------------------------------------------------------------
Finished RTL Optimization Phase 2 : Time (s): cpu = 00:00:13 ; elapsed = 00:00:13 . Memory (MB): peak = 920.672 ; gain = 321.922
---------------------------------------------------------------------------------

Report RTL Partitions: 
+-+--------------+------------+----------+
| |RTL Partition |Replication |Instances |
+-+--------------+------------+----------+
+-+--------------+------------+----------+
---------------------------------------------------------------------------------
Start RTL Component Statistics 
---------------------------------------------------------------------------------
Detailed RTL Component Info : 
---------------------------------------------------------------------------------
Finished RTL Component Statistics 
---------------------------------------------------------------------------------
---------------------------------------------------------------------------------
Start RTL Hierarchical Component Statistics 
---------------------------------------------------------------------------------
Hierarchical RTL Component report 
---------------------------------------------------------------------------------
Finished RTL Hierarchical Component Statistics
---------------------------------------------------------------------------------
---------------------------------------------------------------------------------
Start Part Resource Summary
---------------------------------------------------------------------------------
Part Resources:
DSPs: 220 (col length:60)
BRAMs: 280 (col length: RAMB18 60 RAMB36 30)
---------------------------------------------------------------------------------
Finished Part Resource Summary
---------------------------------------------------------------------------------
---------------------------------------------------------------------------------
Start Cross Boundary and Area Optimization
---------------------------------------------------------------------------------
Warning: Parallel synthesis criteria is not met 
---------------------------------------------------------------------------------
Finished Cross Boundary and Area Optimization : Time (s): cpu = 00:00:14 ; elapsed = 00:00:15 . Memory (MB): peak = 920.672 ; gain = 321.922
---------------------------------------------------------------------------------

Report RTL Partitions: 
+-+--------------+------------+----------+
| |RTL Partition |Replication |Instances |
+-+--------------+------------+----------+
+-+--------------+------------+----------+
---------------------------------------------------------------------------------
Start Applying XDC Timing Constraints
---------------------------------------------------------------------------------
INFO: [Synth 8-5578] Moved timing constraint from pin 'dkong_i/processing_system7_0/FCLK_CLK0' to pin 'dkong_i/processing_system7_0/bbstub_FCLK_CLK0/O'
INFO: [Synth 8-5578] Moved timing constraint from pin 'dkong_i/clk_wiz_0/clk_in1' to pin 'dkong_i/processing_system7_0/bbstub_FCLK_CLK0/O'
INFO: [Synth 8-5578] Moved timing constraint from pin 'dkong_i/clk_wiz_0/analogclk' to pin 'dkong_i/clk_wiz_0/bbstub_analogclk/O'
INFO: [Synth 8-5783] Moving clock source from hierarchical pin 'dkong_i/clk_wiz_0/clk_in1' to 'dkong_i/processing_system7_0/bbstub_FCLK_CLK0/O'
INFO: [Synth 8-5578] Moved timing constraint from pin 'dkong_i/clk_wiz_0/coreclk' to pin 'dkong_i/clk_wiz_0/bbstub_coreclk/O'
INFO: [Synth 8-5783] Moving clock source from hierarchical pin 'dkong_i/clk_wiz_0/clk_in1' to 'dkong_i/processing_system7_0/bbstub_FCLK_CLK0/O'
INFO: [Synth 8-5578] Moved timing constraint from pin 'dkong_i/clk_wiz_0/soundclk' to pin 'dkong_i/clk_wiz_0/bbstub_soundclk/O'
INFO: [Synth 8-5783] Moving clock source from hierarchical pin 'dkong_i/clk_wiz_0/clk_in1' to 'dkong_i/processing_system7_0/bbstub_FCLK_CLK0/O'
INFO: [Synth 8-5578] Moved timing constraint from pin 'dkong_i/clk_wiz_0/vgaclk' to pin 'dkong_i/clk_wiz_0/bbstub_vgaclk/O'
INFO: [Synth 8-5783] Moving clock source from hierarchical pin 'dkong_i/clk_wiz_0/clk_in1' to 'dkong_i/processing_system7_0/bbstub_FCLK_CLK0/O'
INFO: [Synth 8-5819] Moved 6 constraints on hierarchical pins to their respective driving/loading pins
---------------------------------------------------------------------------------
Finished Applying XDC Timing Constraints : Time (s): cpu = 00:00:23 ; elapsed = 00:00:23 . Memory (MB): peak = 928.129 ; gain = 329.379
---------------------------------------------------------------------------------
---------------------------------------------------------------------------------
Start Timing Optimization
---------------------------------------------------------------------------------
---------------------------------------------------------------------------------
Finished Timing Optimization : Time (s): cpu = 00:00:23 ; elapsed = 00:00:23 . Memory (MB): peak = 928.352 ; gain = 329.602
---------------------------------------------------------------------------------

Report RTL Partitions: 
+-+--------------+------------+----------+
| |RTL Partition |Replication |Instances |
+-+--------------+------------+----------+
+-+--------------+------------+----------+
---------------------------------------------------------------------------------
Start Technology Mapping
---------------------------------------------------------------------------------
---------------------------------------------------------------------------------
Finished Technology Mapping : Time (s): cpu = 00:00:23 ; elapsed = 00:00:23 . Memory (MB): peak = 938.367 ; gain = 339.617
---------------------------------------------------------------------------------

Report RTL Partitions: 
+-+--------------+------------+----------+
| |RTL Partition |Replication |Instances |
+-+--------------+------------+----------+
+-+--------------+------------+----------+
---------------------------------------------------------------------------------
Start IO Insertion
---------------------------------------------------------------------------------
---------------------------------------------------------------------------------
Start Flattening Before IO Insertion
---------------------------------------------------------------------------------
---------------------------------------------------------------------------------
Finished Flattening Before IO Insertion
---------------------------------------------------------------------------------
---------------------------------------------------------------------------------
Start Final Netlist Cleanup
---------------------------------------------------------------------------------
---------------------------------------------------------------------------------
Finished Final Netlist Cleanup
---------------------------------------------------------------------------------
---------------------------------------------------------------------------------
Finished IO Insertion : Time (s): cpu = 00:00:25 ; elapsed = 00:00:26 . Memory (MB): peak = 953.176 ; gain = 354.426
---------------------------------------------------------------------------------

Report Check Netlist: 
+------+------------------+-------+---------+-------+------------------+
|      |Item              |Errors |Warnings |Status |Description       |
+------+------------------+-------+---------+-------+------------------+
|1     |multi_driven_nets |      0|        0|Passed |Multi driven nets |
+------+------------------+-------+---------+-------+------------------+
---------------------------------------------------------------------------------
Start Renaming Generated Instances
---------------------------------------------------------------------------------
---------------------------------------------------------------------------------
Finished Renaming Generated Instances : Time (s): cpu = 00:00:25 ; elapsed = 00:00:26 . Memory (MB): peak = 953.176 ; gain = 354.426
---------------------------------------------------------------------------------

Report RTL Partitions: 
+-+--------------+------------+----------+
| |RTL Partition |Replication |Instances |
+-+--------------+------------+----------+
+-+--------------+------------+----------+
---------------------------------------------------------------------------------
Start Rebuilding User Hierarchy
---------------------------------------------------------------------------------
---------------------------------------------------------------------------------
Finished Rebuilding User Hierarchy : Time (s): cpu = 00:00:25 ; elapsed = 00:00:26 . Memory (MB): peak = 953.176 ; gain = 354.426
---------------------------------------------------------------------------------
---------------------------------------------------------------------------------
Start Renaming Generated Ports
---------------------------------------------------------------------------------
---------------------------------------------------------------------------------
Finished Renaming Generated Ports : Time (s): cpu = 00:00:25 ; elapsed = 00:00:26 . Memory (MB): peak = 953.176 ; gain = 354.426
---------------------------------------------------------------------------------
---------------------------------------------------------------------------------
Start Handling Custom Attributes
---------------------------------------------------------------------------------
---------------------------------------------------------------------------------
Finished Handling Custom Attributes : Time (s): cpu = 00:00:25 ; elapsed = 00:00:26 . Memory (MB): peak = 953.176 ; gain = 354.426
---------------------------------------------------------------------------------
---------------------------------------------------------------------------------
Start Renaming Generated Nets
---------------------------------------------------------------------------------
---------------------------------------------------------------------------------
Finished Renaming Generated Nets : Time (s): cpu = 00:00:25 ; elapsed = 00:00:26 . Memory (MB): peak = 953.176 ; gain = 354.426
---------------------------------------------------------------------------------
---------------------------------------------------------------------------------
Start Writing Synthesis Report
---------------------------------------------------------------------------------

Report BlackBoxes: 
+------+-------------------------------+----------+
|      |BlackBox name                  |Instances |
+------+-------------------------------+----------+
|1     |dkong_I2S_0_0                  |         1|
|2     |dkong_audio_joiner_0_0         |         1|
|3     |dkong_axi_dma_0_0              |         1|
|4     |dkong_axi_iic_0_0              |         1|
|5     |dkong_clk_wiz_0_0              |         1|
|6     |dkong_demux2_0_0               |         1|
|7     |dkong_demux2_0_1               |         1|
|8     |dkong_demux2_0_2               |         1|
|9     |dkong_demux2_0_3               |         1|
|10    |dkong_demux2_3_0               |         1|
|11    |dkong_dkong_system_wrapper_0_0 |         1|
|12    |dkong_framedoubler_slow_0_0    |         1|
|13    |dkong_mux4_0_0                 |         1|
|14    |dkong_proc_sys_reset_0_0       |         1|
|15    |dkong_proc_sys_reset_1_0       |         1|
|16    |dkong_processing_system7_0_0   |         1|
|17    |dkong_smartconnect_0_0         |         1|
|18    |dkong_smartconnect_1_0         |         1|
+------+-------------------------------+----------+

Report Cell Usage: 
+------+-------------------------------+------+
|      |Cell                           |Count |
+------+-------------------------------+------+
|1     |dkong_I2S_0_0                  |     1|
|2     |dkong_audio_joiner_0_0         |     1|
|3     |dkong_axi_dma_0_0              |     1|
|4     |dkong_axi_iic_0_0              |     1|
|5     |dkong_clk_wiz_0_0              |     1|
|6     |dkong_demux2_0_0               |     1|
|7     |dkong_demux2_0_1               |     1|
|8     |dkong_demux2_0_2               |     1|
|9     |dkong_demux2_0_3               |     1|
|10    |dkong_demux2_3_0               |     1|
|11    |dkong_dkong_system_wrapper_0_0 |     1|
|12    |dkong_framedoubler_slow_0_0    |     1|
|13    |dkong_mux4_0_0                 |     1|
|14    |dkong_proc_sys_reset_0_0       |     1|
|15    |dkong_proc_sys_reset_1_0       |     1|
|16    |dkong_processing_system7_0_0   |     1|
|17    |dkong_smartconnect_0_0         |     1|
|18    |dkong_smartconnect_1_0         |     1|
|19    |IBUF                           |     8|
|20    |IOBUF                          |     2|
|21    |OBUF                           |    25|
+------+-------------------------------+------+

Report Instance Areas: 
+------+---------------+-------------------+------+
|      |Instance       |Module             |Cells |
+------+---------------+-------------------+------+
|1     |top            |                   |   996|
|2     |  dkong_i      |dkong              |   961|
|3     |    xlconcat_0 |dkong_xlconcat_0_0 |     0|
+------+---------------+-------------------+------+
---------------------------------------------------------------------------------
Finished Writing Synthesis Report : Time (s): cpu = 00:00:25 ; elapsed = 00:00:26 . Memory (MB): peak = 953.176 ; gain = 354.426
---------------------------------------------------------------------------------
Synthesis finished with 0 errors, 0 critical warnings and 0 warnings.
Synthesis Optimization Runtime : Time (s): cpu = 00:00:17 ; elapsed = 00:00:23 . Memory (MB): peak = 953.176 ; gain = 278.785
Synthesis Optimization Complete : Time (s): cpu = 00:00:25 ; elapsed = 00:00:26 . Memory (MB): peak = 953.176 ; gain = 354.426
INFO: [Project 1-571] Translating synthesized netlist
INFO: [Netlist 29-17] Analyzing 2 Unisim elements for replacement
INFO: [Netlist 29-28] Unisim Transformation completed in 0 CPU seconds
INFO: [Project 1-570] Preparing netlist for logic optimization
INFO: [Opt 31-138] Pushed 0 inverter(s) to 0 load pin(s).
Netlist sorting complete. Time (s): cpu = 00:00:00 ; elapsed = 00:00:00 . Memory (MB): peak = 972.754 ; gain = 0.000
INFO: [Project 1-111] Unisim Transformation Summary:
  A total of 2 instances were transformed.
  IOBUF => IOBUF (IBUF, OBUFT): 2 instances

INFO: [Common 17-83] Releasing license: Synthesis
74 Infos, 41 Warnings, 0 Critical Warnings and 0 Errors encountered.
synth_design completed successfully
synth_design: Time (s): cpu = 00:00:31 ; elapsed = 00:00:34 . Memory (MB): peak = 972.754 ; gain = 670.402
Netlist sorting complete. Time (s): cpu = 00:00:00 ; elapsed = 00:00:00 . Memory (MB): peak = 972.754 ; gain = 0.000
WARNING: [Constraints 18-5210] No constraints selected for write.
Resolution: This message can indicate that there are no constraints for the design, or it can indicate that the used_in flags are set such that the constraints are ignored. This later case is used when running synth_design to not write synthesis constraints to the resulting checkpoint. Instead, project constraints are read when the synthesized design is opened.
INFO: [Common 17-1381] The checkpoint 'D:/Documents/University/ENSC452/Folder/dkong_system/dkong_system.runs/synth_1/dkong_wrapper.dcp' has been generated.
INFO: [runtcl-4] Executing : report_utilization -file dkong_wrapper_utilization_synth.rpt -pb dkong_wrapper_utilization_synth.pb
INFO: [Common 17-206] Exiting Vivado at Tue Apr  7 23:29:55 2020...
