Copyright 1986-2019 Xilinx, Inc. All Rights Reserved.
------------------------------------------------------------------------------------------
| Tool Version : Vivado v.2019.1 (win64) Build 2552052 Fri May 24 14:49:42 MDT 2019
| Date         : Fri Mar  6 00:58:27 2020
| Host         : Steven-Win10-2 running 64-bit major release  (build 9200)
| Command      : report_control_sets -verbose -file dkong_wrapper_control_sets_placed.rpt
| Design       : dkong_wrapper
| Device       : xc7z020
------------------------------------------------------------------------------------------

Control Set Information

Table of Contents
-----------------
1. Summary
2. Histogram
3. Flip-Flop Distribution
4. Detailed Control Set Information

1. Summary
----------

+----------------------------------------------------------+-------+
|                          Status                          | Count |
+----------------------------------------------------------+-------+
| Total control sets                                       |    69 |
|    Minimum number of control sets                        |    69 |
|    Addition due to synthesis replication                 |     0 |
|    Addition due to physical synthesis replication        |     0 |
| Unused register locations in slices containing registers |   108 |
+----------------------------------------------------------+-------+
* Control sets can be merged at opt_design using control_set_merge or merge_equivalent_drivers
** Run report_qor_suggestions for automated merging and remapping suggestions


2. Histogram
------------

+--------------------+-------+
|       Fanout       | Count |
+--------------------+-------+
| Total control sets |    69 |
| >= 0 to < 4        |     1 |
| >= 4 to < 6        |     7 |
| >= 6 to < 8        |     5 |
| >= 8 to < 10       |    33 |
| >= 10 to < 12      |     4 |
| >= 12 to < 14      |     0 |
| >= 14 to < 16      |     4 |
| >= 16              |    15 |
+--------------------+-------+
* Control sets can be remapped at either synth_design or opt_design


3. Flip-Flop Distribution
-------------------------

+--------------+-----------------------+------------------------+-----------------+--------------+
| Clock Enable | Synchronous Set/Reset | Asynchronous Set/Reset | Total Registers | Total Slices |
+--------------+-----------------------+------------------------+-----------------+--------------+
| No           | No                    | No                     |             154 |           70 |
| No           | No                    | Yes                    |              34 |           21 |
| No           | Yes                   | No                     |              40 |           27 |
| Yes          | No                    | No                     |             133 |           56 |
| Yes          | No                    | Yes                    |             154 |           73 |
| Yes          | Yes                   | No                     |             281 |           98 |
+--------------+-----------------------+------------------------+-----------------+--------------+


4. Detailed Control Set Information
-----------------------------------

+----------------------------------------------------+--------------------------------------------------------------------------------------------+-----------------------------------------------------------------------------+------------------+----------------+
|                    Clock Signal                    |                                        Enable Signal                                       |                               Set/Reset Signal                              | Slice Load Count | Bel Load Count |
+----------------------------------------------------+--------------------------------------------------------------------------------------------+-----------------------------------------------------------------------------+------------------+----------------+
|  dkong_i/clk_wiz_0/inst/vgaclk                     |                                                                                            | dkong_i/framedoubler_slow_0/inst/RSTC                                       |                1 |              1 |
|  dkong_i/clk_wiz_0/inst/coreclk                    | dkong_i/dkong_system_wrapper_0/inst/inst/mycpu/i_tv80_core/rd_n_reg                        | dkong_i/dkong_system_wrapper_0/inst/inst/mycpu/i_tv80_core/A_reg[3]_0       |                3 |              4 |
|  dkong_i/clk_wiz_0/inst/coreclk                    | dkong_i/dkong_system_wrapper_0/inst/inst/vid/tile/tile_col[3]_i_1_n_0                      |                                                                             |                1 |              4 |
|  dkong_i/clk_wiz_0/inst/coreclk                    |                                                                                            | dkong_i/proc_sys_reset_0/U0/EXT_LPF/lpf_int                                 |                3 |              4 |
|  dkong_i/clk_wiz_0/inst/coreclk                    | dkong_i/dkong_system_wrapper_0/inst/inst/mycpu/i_tv80_core/rd_n_reg                        |                                                                             |                4 |              4 |
|  dkong_i/clk_wiz_0/inst/vgaclk                     |                                                                                            | dkong_i/proc_sys_reset_1/U0/EXT_LPF/lpf_int                                 |                3 |              4 |
|  dkong_i/dkong_system_wrapper_0/inst/inst/vid/Q[1] |                                                                                            |                                                                             |                4 |              5 |
|  dkong_i/clk_wiz_0/inst/coreclk                    | dkong_i/dkong_system_wrapper_0/inst/inst/vid/sprite/sprite_hflip_i_1_n_0                   | dkong_i/dkong_system_wrapper_0/inst/inst/mycpu/rst_n_0                      |                1 |              5 |
|  dkong_i/clk_wiz_0/inst/coreclk                    | dkong_i/proc_sys_reset_0/U0/SEQ/seq_cnt_en                                                 | dkong_i/proc_sys_reset_0/U0/SEQ/SEQ_COUNTER/clear                           |                1 |              6 |
|  dkong_i/clk_wiz_0/inst/coreclk                    | dkong_i/dkong_system_wrapper_0/inst/inst/vid/sprite/linebuf_dout_buf[5]_i_1_n_0            | dkong_i/dkong_system_wrapper_0/inst/inst/mycpu/rst_n_0                      |                2 |              6 |
|  dkong_i/clk_wiz_0/inst/vgaclk                     | dkong_i/proc_sys_reset_1/U0/SEQ/seq_cnt_en                                                 | dkong_i/proc_sys_reset_1/U0/SEQ/SEQ_COUNTER/clear                           |                1 |              6 |
|  dkong_i/dkong_system_wrapper_0/inst/inst/vid/Q[1] | dkong_i/dkong_system_wrapper_0/inst/inst/mycpu/i_tv80_core/tstate_0                        | dkong_i/dkong_system_wrapper_0/inst/inst/mycpu/rst_n_0                      |                4 |              7 |
|  dkong_i/clk_wiz_0/inst/coreclk                    | dkong_i/dkong_system_wrapper_0/inst/inst/vid/sprite/sprite_hflip_buf0                      | dkong_i/dkong_system_wrapper_0/inst/inst/mycpu/rst_n_0                      |                4 |              7 |
|  dkong_i/clk_wiz_0/inst/coreclk                    | dkong_i/dkong_system_wrapper_0/inst/inst/vid/sprite/sprite_vflip_i_1_n_0                   | dkong_i/dkong_system_wrapper_0/inst/inst/mycpu/rst_n_0                      |                2 |              8 |
|  dkong_i/clk_wiz_0/inst/vgaclk                     | dkong_i/framedoubler_slow_0/inst/CEB2                                                      | dkong_i/framedoubler_slow_0/inst/RSTC                                       |                2 |              8 |
|  dkong_i/clk_wiz_0/inst/vgaclk                     | dkong_i/framedoubler_slow_0/inst/CEC                                                       | dkong_i/framedoubler_slow_0/inst/RSTC                                       |                3 |              8 |
|  dkong_i/dkong_system_wrapper_0/inst/inst/vid/Q[1] | dkong_i/dkong_system_wrapper_0/inst/inst/mycpu/i_tv80_core/SP[15]_i_1_n_0                  | dkong_i/dkong_system_wrapper_0/inst/inst/mycpu/rst_n_0                      |                3 |              8 |
|  dkong_i/dkong_system_wrapper_0/inst/inst/vid/Q[1] | dkong_i/dkong_system_wrapper_0/inst/inst/mycpu/i_tv80_core/SP[7]_i_1_n_0                   | dkong_i/dkong_system_wrapper_0/inst/inst/mycpu/rst_n_0                      |                4 |              8 |
|  dkong_i/dkong_system_wrapper_0/inst/inst/vid/Q[1] | dkong_i/dkong_system_wrapper_0/inst/inst/mycpu/i_tv80_core/TmpAddr[7]_i_1_n_0              | dkong_i/dkong_system_wrapper_0/inst/inst/mycpu/rst_n_0                      |                3 |              8 |
|  dkong_i/dkong_system_wrapper_0/inst/inst/vid/Q[1] | dkong_i/dkong_system_wrapper_0/inst/inst/mycpu/i_tv80_core/TmpAddr[15]_i_1_n_0             | dkong_i/dkong_system_wrapper_0/inst/inst/mycpu/rst_n_0                      |                5 |              8 |
|  dkong_i/clk_wiz_0/inst/coreclk                    | dkong_i/dkong_system_wrapper_0/inst/inst/mycpu/i_tv80_core/E[0]                            |                                                                             |                2 |              8 |
|  dkong_i/clk_wiz_0/inst/vgaclk                     | dkong_i/framedoubler_slow_0/inst/out_g[3]_i_1_n_0                                          |                                                                             |                2 |              8 |
|  dkong_i/dkong_system_wrapper_0/inst/inst/vid/Q[1] | dkong_i/dkong_system_wrapper_0/inst/inst/mycpu/i_tv80_core/dout[7]_i_1_n_0                 | dkong_i/dkong_system_wrapper_0/inst/inst/mycpu/rst_n_0                      |                2 |              8 |
|  dkong_i/dkong_system_wrapper_0/inst/inst/vid/Q[1] | dkong_i/dkong_system_wrapper_0/inst/inst/mycpu/i_tv80_core/ACC[7]_i_1_n_0                  | dkong_i/dkong_system_wrapper_0/inst/inst/mycpu/rst_n_0                      |                3 |              8 |
|  dkong_i/dkong_system_wrapper_0/inst/inst/vid/Q[1] | dkong_i/dkong_system_wrapper_0/inst/inst/mycpu/i_tv80_core/I                               | dkong_i/dkong_system_wrapper_0/inst/inst/mycpu/rst_n_0                      |                4 |              8 |
|  dkong_i/dkong_system_wrapper_0/inst/inst/vid/Q[1] | dkong_i/dkong_system_wrapper_0/inst/inst/mycpu/i_tv80_core/cpu_wait_reg[0]                 | dkong_i/dkong_system_wrapper_0/inst/inst/mycpu/rst_n_0                      |                2 |              8 |
|  dkong_i/clk_wiz_0/inst/coreclk                    | dkong_i/dkong_system_wrapper_0/inst/inst/uart/tx_dev/r_Tx_Data                             | dkong_i/dkong_system_wrapper_0/inst/inst/mycpu/rst_n_0                      |                2 |              8 |
|  dkong_i/clk_wiz_0/inst/coreclk                    | dkong_i/dkong_system_wrapper_0/inst/inst/vid/sprite/linebuffer/E[0]                        | dkong_i/dkong_system_wrapper_0/inst/inst/vid/sprite/linebuf_addr[7]_i_1_n_0 |                5 |              8 |
|  dkong_i/clk_wiz_0/inst/coreclk                    | dkong_i/dkong_system_wrapper_0/inst/inst/dmac/dma_value                                    |                                                                             |                3 |              8 |
|  dkong_i/clk_wiz_0/inst/coreclk                    | dkong_i/dkong_system_wrapper_0/inst/inst/vid/cpu_clk_rise                                  | dkong_i/dkong_system_wrapper_0/inst/inst/mycpu/rst_n_0                      |                4 |              8 |
|  dkong_i/clk_wiz_0/inst/coreclk                    | dkong_i/dkong_system_wrapper_0/inst/inst/vid/Q[0]                                          | dkong_i/dkong_system_wrapper_0/inst/inst/vid/pal/r_sig[2]_i_1_n_0           |                3 |              8 |
|  dkong_i/clk_wiz_0/inst/coreclk                    | dkong_i/dkong_system_wrapper_0/inst/inst/vid/sprite/E[0]                                   |                                                                             |                2 |              8 |
|  dkong_i/clk_wiz_0/inst/coreclk                    | dkong_i/dkong_system_wrapper_0/inst/inst/dmac/dma_addr[0][15]_i_1_n_0                      | dkong_i/dkong_system_wrapper_0/inst/inst/mycpu/rst_n_0                      |                3 |              8 |
|  dkong_i/clk_wiz_0/inst/coreclk                    | dkong_i/dkong_system_wrapper_0/inst/inst/dmac/dma_addr[0][7]_i_1_n_0                       | dkong_i/dkong_system_wrapper_0/inst/inst/mycpu/rst_n_0                      |                3 |              8 |
|  dkong_i/clk_wiz_0/inst/coreclk                    | dkong_i/dkong_system_wrapper_0/inst/inst/vid/sprite/p_0_in_0                               | dkong_i/dkong_system_wrapper_0/inst/inst/mycpu/rst_n_0                      |                2 |              8 |
|  dkong_i/clk_wiz_0/inst/coreclk                    | dkong_i/dkong_system_wrapper_0/inst/inst/dmac/m_obus[dmaster][7]_i_1_n_0                   |                                                                             |                3 |              8 |
|  dkong_i/clk_wiz_0/inst/coreclk                    | dkong_i/dkong_system_wrapper_0/inst/inst/mycpu/i_tv80_core/cpuclk_d_reg_0[0]               | dkong_i/dkong_system_wrapper_0/inst/inst/mycpu/rst_n_0                      |                3 |              8 |
|  dkong_i/clk_wiz_0/inst/coreclk                    | dkong_i/dkong_system_wrapper_0/inst/inst/mycpu/i_tv80_core/cpuclk_d_reg_0[1]               | dkong_i/dkong_system_wrapper_0/inst/inst/mycpu/rst_n_0                      |                3 |              8 |
|  dkong_i/clk_wiz_0/inst/coreclk                    | dkong_i/dkong_system_wrapper_0/inst/inst/mycpu/i_tv80_core/m_obus_reg[addr][2]_0[0]        | dkong_i/dkong_system_wrapper_0/inst/inst/mycpu/rst_n_0                      |                2 |              8 |
|  dkong_i/clk_wiz_0/inst/coreclk                    | dkong_i/dkong_system_wrapper_0/inst/inst/mycpu/i_tv80_core/m_obus_reg[addr][2]_0[1]        | dkong_i/dkong_system_wrapper_0/inst/inst/mycpu/rst_n_0                      |                2 |              8 |
|  dkong_i/clk_wiz_0/inst/coreclk                    | dkong_i/dkong_system_wrapper_0/inst/inst/mycpu/i_tv80_core/first_last_reg[1]               | dkong_i/dkong_system_wrapper_0/inst/inst/mycpu/rst_n_0                      |                3 |              8 |
|  dkong_i/clk_wiz_0/inst/coreclk                    | dkong_i/dkong_system_wrapper_0/inst/inst/mycpu/i_tv80_core/first_last_reg[0]               | dkong_i/dkong_system_wrapper_0/inst/inst/mycpu/rst_n_0                      |                3 |              8 |
|  dkong_i/clk_wiz_0/inst/coreclk                    | dkong_i/dkong_system_wrapper_0/inst/inst/vid/sprite/scratch_load_addr0                     | dkong_i/dkong_system_wrapper_0/inst/inst/vid/sprite/htiming_reg[9][0]       |                3 |              8 |
|  dkong_i/clk_wiz_0/inst/coreclk                    | dkong_i/dkong_system_wrapper_0/inst/inst/vid/vtiming[8]_i_1_n_0                            | dkong_i/dkong_system_wrapper_0/inst/inst/mycpu/rst_n_0                      |                3 |              9 |
|  dkong_i/dkong_system_wrapper_0/inst/inst/vid/Q[1] | dkong_i/dkong_system_wrapper_0/inst/inst/mycpu/i_tv80_core/mcycle[6]_i_1_n_0               | dkong_i/dkong_system_wrapper_0/inst/inst/mycpu/rst_n_0                      |                2 |              9 |
|  dkong_i/clk_wiz_0/inst/coreclk                    | dkong_i/dkong_system_wrapper_0/inst/inst/vid/sprite/scratchpad/scratch_wr                  |                                                                             |                3 |              9 |
|  dkong_i/dkong_system_wrapper_0/inst/inst/vid/Q[1] | dkong_i/dkong_system_wrapper_0/inst/inst/mycpu/i_tv80_core/IR                              | dkong_i/dkong_system_wrapper_0/inst/inst/mycpu/rst_n_0                      |                3 |             10 |
|  dkong_i/clk_wiz_0/inst/vgaclk                     | dkong_i/framedoubler_slow_0/inst/out_hcount[9]_i_2_n_0                                     | dkong_i/framedoubler_slow_0/inst/RSTC                                       |                4 |             10 |
|  dkong_i/clk_wiz_0/inst/coreclk                    | dkong_i/dkong_system_wrapper_0/inst/inst/vid/sprite/phi_reg[0][0]                          | dkong_i/dkong_system_wrapper_0/inst/inst/mycpu/rst_n_0                      |                3 |             10 |
|  dkong_i/clk_wiz_0/inst/vgaclk                     | dkong_i/framedoubler_slow_0/inst/out_vcount[9]_i_1_n_0                                     | dkong_i/framedoubler_slow_0/inst/RSTC                                       |                6 |             10 |
|  dkong_i/clk_wiz_0/inst/coreclk                    | dkong_i/dkong_system_wrapper_0/inst/inst/mycpu/i_tv80_core/wr_n_reg_1                      | dkong_i/dkong_system_wrapper_0/inst/inst/mycpu/rst_n_0                      |                4 |             14 |
|  dkong_i/clk_wiz_0/inst/coreclk                    | dkong_i/dkong_system_wrapper_0/inst/inst/mycpu/i_tv80_core/drqn_reg[0]                     | dkong_i/dkong_system_wrapper_0/inst/inst/mycpu/rst_n_0                      |                6 |             14 |
|  dkong_i/clk_wiz_0/inst/coreclk                    | dkong_i/dkong_system_wrapper_0/inst/inst/mycpu/i_tv80_core/cpuclk_d_reg                    | dkong_i/dkong_system_wrapper_0/inst/inst/mycpu/rst_n_0                      |                4 |             14 |
|  dkong_i/clk_wiz_0/inst/coreclk                    | dkong_i/dkong_system_wrapper_0/inst/inst/mycpu/i_tv80_core/drqn_reg_0                      | dkong_i/dkong_system_wrapper_0/inst/inst/mycpu/rst_n_0                      |                4 |             14 |
|  dkong_i/dkong_system_wrapper_0/inst/inst/vid/Q[1] | dkong_i/dkong_system_wrapper_0/inst/inst/mycpu/i_tv80_core/cpu_busack                      | dkong_i/dkong_system_wrapper_0/inst/inst/mycpu/rst_n_0                      |               11 |             16 |
|  dkong_i/clk_wiz_0/inst/coreclk                    | dkong_i/framedoubler_slow_0/inst/in_do_write                                               | dkong_i/framedoubler_slow_0/inst/in_ptr[15]_i_1_n_0                         |                4 |             16 |
|  dkong_i/clk_wiz_0/inst/coreclk                    | dkong_i/dkong_system_wrapper_0/inst/inst/vid/sprite/scratch_din[7]_i_1_n_0                 |                                                                             |                4 |             16 |
|  dkong_i/clk_wiz_0/inst/coreclk                    | dkong_i/dkong_system_wrapper_0/inst/inst/vid/tile/htiming_reg[1][0]                        |                                                                             |                5 |             16 |
|  dkong_i/clk_wiz_0/inst/coreclk                    | dkong_i/dkong_system_wrapper_0/inst/inst/dmac/m_obus[addr][15]_i_1_n_0                     |                                                                             |                7 |             16 |
|  dkong_i/dkong_system_wrapper_0/inst/inst/vid/Q[1] | dkong_i/dkong_system_wrapper_0/inst/inst/mycpu/i_tv80_core/PC                              | dkong_i/dkong_system_wrapper_0/inst/inst/mycpu/rst_n_0                      |                4 |             16 |
|  dkong_i/dkong_system_wrapper_0/inst/inst/vid/Q[1] | dkong_i/dkong_system_wrapper_0/inst/inst/mycpu/i_tv80_core/BTR_r                           | dkong_i/dkong_system_wrapper_0/inst/inst/mycpu/rst_n_0                      |               15 |             16 |
|  dkong_i/dkong_system_wrapper_0/inst/inst/vid/Q[1] | dkong_i/dkong_system_wrapper_0/inst/inst/mycpu/i_tv80_core/Ap                              | dkong_i/dkong_system_wrapper_0/inst/inst/mycpu/rst_n_0                      |                8 |             16 |
|  dkong_i/clk_wiz_0/inst/coreclk                    |                                                                                            | dkong_i/dkong_system_wrapper_0/inst/inst/mycpu/rst_n_0                      |               20 |             31 |
|  dkong_i/dkong_system_wrapper_0/inst/inst/vid/Q[1] | dkong_i/dkong_system_wrapper_0/inst/inst/mycpu/i_tv80_core/i_reg/RegsH_reg_0_7_0_1_i_1_n_0 |                                                                             |                4 |             32 |
|  dkong_i/dkong_system_wrapper_0/inst/inst/vid/Q[1] | dkong_i/dkong_system_wrapper_0/inst/inst/mycpu/i_tv80_core/i_reg/RegsL_reg_0_7_0_1_i_1_n_0 |                                                                             |                4 |             32 |
|  dkong_i/dkong_system_wrapper_0/inst/inst/vid/Q[1] |                                                                                            | dkong_i/dkong_system_wrapper_0/inst/inst/mycpu/rst_n_0                      |               21 |             34 |
|  dkong_i/dkong_system_wrapper_0/inst/inst/vid/Q[1] | dkong_i/dkong_system_wrapper_0/inst/inst/mycpu/i_tv80_core/cpu_busack                      |                                                                             |               23 |             37 |
|  dkong_i/clk_wiz_0/inst/vgaclk                     |                                                                                            |                                                                             |               23 |             50 |
|  dkong_i/clk_wiz_0/inst/coreclk                    |                                                                                            |                                                                             |               45 |            101 |
+----------------------------------------------------+--------------------------------------------------------------------------------------------+-----------------------------------------------------------------------------+------------------+----------------+


