Copyright 1986-2019 Xilinx, Inc. All Rights Reserved.
-------------------------------------------------------------------------------------------------------------------------------------------------------------
| Tool Version     : Vivado v.2019.1 (win64) Build 2552052 Fri May 24 14:49:42 MDT 2019
| Date             : Wed Apr  1 13:13:17 2020
| Host             : Steven-Win10-2 running 64-bit major release  (build 9200)
| Command          : report_power -file dkong_wrapper_power_routed.rpt -pb dkong_wrapper_power_summary_routed.pb -rpx dkong_wrapper_power_routed.rpx
| Design           : dkong_wrapper
| Device           : xc7z020clg484-1
| Design State     : routed
| Grade            : commercial
| Process          : typical
| Characterization : Production
-------------------------------------------------------------------------------------------------------------------------------------------------------------

Power Report

Table of Contents
-----------------
1. Summary
1.1 On-Chip Components
1.2 Power Supply Summary
1.3 Confidence Level
2. Settings
2.1 Environment
2.2 Clock Constraints
3. Detailed Reports
3.1 By Hierarchy

1. Summary
----------

+--------------------------+--------------+
| Total On-Chip Power (W)  | 1.819        |
| Design Power Budget (W)  | Unspecified* |
| Power Budget Margin (W)  | NA           |
| Dynamic (W)              | 1.672        |
| Device Static (W)        | 0.147        |
| Effective TJA (C/W)      | 11.5         |
| Max Ambient (C)          | 64.0         |
| Junction Temperature (C) | 46.0         |
| Confidence Level         | Low          |
| Setting File             | ---          |
| Simulation Activity File | ---          |
| Design Nets Matched      | NA           |
+--------------------------+--------------+
* Specify Design Power Budget using, set_operating_conditions -design_power_budget <value in Watts>


1.1 On-Chip Components
----------------------

+--------------------------+-----------+----------+-----------+-----------------+
| On-Chip                  | Power (W) | Used     | Available | Utilization (%) |
+--------------------------+-----------+----------+-----------+-----------------+
| Clocks                   |     0.013 |        8 |       --- |             --- |
| Slice Logic              |     0.009 |     8581 |       --- |             --- |
|   LUT as Logic           |     0.008 |     3944 |     53200 |            7.41 |
|   LUT as Distributed RAM |    <0.001 |      153 |     17400 |            0.88 |
|   Register               |    <0.001 |     2750 |    106400 |            2.58 |
|   CARRY4                 |    <0.001 |       89 |     13300 |            0.67 |
|   LUT as Shift Register  |    <0.001 |      150 |     17400 |            0.86 |
|   F7/F8 Muxes            |    <0.001 |      136 |     53200 |            0.26 |
|   Others                 |     0.000 |      480 |       --- |             --- |
| Signals                  |     0.011 |     6416 |       --- |             --- |
| Block RAM                |     0.007 |       40 |       140 |           28.57 |
| MMCM                     |     0.099 |        1 |         4 |           25.00 |
| I/O                      |     0.006 |       30 |       200 |           15.00 |
| PS7                      |     1.526 |        1 |       --- |             --- |
| Static Power             |     0.147 |          |           |                 |
| Total                    |     1.819 |          |           |                 |
+--------------------------+-----------+----------+-----------+-----------------+


1.2 Power Supply Summary
------------------------

+-----------+-------------+-----------+-------------+------------+
| Source    | Voltage (V) | Total (A) | Dynamic (A) | Static (A) |
+-----------+-------------+-----------+-------------+------------+
| Vccint    |       1.000 |     0.057 |       0.040 |      0.017 |
| Vccaux    |       1.800 |     0.071 |       0.055 |      0.016 |
| Vcco33    |       3.300 |     0.003 |       0.002 |      0.001 |
| Vcco25    |       2.500 |     0.000 |       0.000 |      0.000 |
| Vcco18    |       1.800 |     0.000 |       0.000 |      0.000 |
| Vcco15    |       1.500 |     0.000 |       0.000 |      0.000 |
| Vcco135   |       1.350 |     0.000 |       0.000 |      0.000 |
| Vcco12    |       1.200 |     0.000 |       0.000 |      0.000 |
| Vccaux_io |       1.800 |     0.000 |       0.000 |      0.000 |
| Vccbram   |       1.000 |     0.004 |       0.001 |      0.004 |
| MGTAVcc   |       1.000 |     0.000 |       0.000 |      0.000 |
| MGTAVtt   |       1.200 |     0.000 |       0.000 |      0.000 |
| MGTVccaux |       1.800 |     0.000 |       0.000 |      0.000 |
| Vccpint   |       1.000 |     0.755 |       0.723 |      0.032 |
| Vccpaux   |       1.800 |     0.060 |       0.050 |      0.010 |
| Vccpll    |       1.800 |     0.018 |       0.015 |      0.003 |
| Vcco_ddr  |       1.500 |     0.459 |       0.457 |      0.002 |
| Vcco_mio0 |       1.800 |     0.000 |       0.000 |      0.000 |
| Vcco_mio1 |       1.800 |     0.000 |       0.000 |      0.000 |
| Vccadc    |       1.800 |     0.020 |       0.000 |      0.020 |
+-----------+-------------+-----------+-------------+------------+


1.3 Confidence Level
--------------------

+-----------------------------+------------+--------------------------------------------------------+--------------------------------------------------------------------------------------------------------------------+
| User Input Data             | Confidence | Details                                                | Action                                                                                                             |
+-----------------------------+------------+--------------------------------------------------------+--------------------------------------------------------------------------------------------------------------------+
| Design implementation state | High       | Design is routed                                       |                                                                                                                    |
| Clock nodes activity        | Medium     | More than 5% of clocks are missing user specification  | Provide missing clock activity with a constraint file, simulation results or by editing the "By Clock Domain" view |
| I/O nodes activity          | Low        | More than 75% of inputs are missing user specification | Provide missing input activity with simulation results or by editing the "By Resource Type -> I/Os" view           |
| Internal nodes activity     | Medium     | User specified less than 25% of internal nodes         | Provide missing internal nodes activity with simulation results or by editing the "By Resource Type" views         |
| Device models               | High       | Device models are Production                           |                                                                                                                    |
|                             |            |                                                        |                                                                                                                    |
| Overall confidence level    | Low        |                                                        |                                                                                                                    |
+-----------------------------+------------+--------------------------------------------------------+--------------------------------------------------------------------------------------------------------------------+


2. Settings
-----------

2.1 Environment
---------------

+-----------------------+------------------------+
| Ambient Temp (C)      | 25.0                   |
| ThetaJA (C/W)         | 11.5                   |
| Airflow (LFM)         | 250                    |
| Heat Sink             | none                   |
| ThetaSA (C/W)         | 0.0                    |
| Board Selection       | medium (10"x10")       |
| # of Board Layers     | 8to11 (8 to 11 Layers) |
| Board Temperature (C) | 25.0                   |
+-----------------------+------------------------+


2.2 Clock Constraints
---------------------

+----------------------------+----------------------------------------------------------+-----------------+
| Clock                      | Domain                                                   | Constraint (ns) |
+----------------------------+----------------------------------------------------------+-----------------+
| clk_fpga_0                 | dkong_i/processing_system7_0/inst/FCLK_CLK0              |            10.0 |
| clk_fpga_0                 | dkong_i/processing_system7_0/inst/FCLK_CLK_unbuffered[0] |            10.0 |
| clkfbout_dkong_clk_wiz_0_0 | dkong_i/clk_wiz_0/inst/clkfbout_dkong_clk_wiz_0_0        |            80.0 |
| coreclk_dkong_clk_wiz_0_0  | dkong_i/clk_wiz_0/inst/coreclk_dkong_clk_wiz_0_0         |            16.3 |
| soundclk_dkong_clk_wiz_0_0 | dkong_i/clk_wiz_0/inst/soundclk_dkong_clk_wiz_0_0        |           167.0 |
| vgaclk_dkong_clk_wiz_0_0   | dkong_i/clk_wiz_0/inst/vgaclk_dkong_clk_wiz_0_0          |            39.7 |
+----------------------------+----------------------------------------------------------+-----------------+


3. Detailed Reports
-------------------

3.1 By Hierarchy
----------------

+----------------------------+-----------+
| Name                       | Power (W) |
+----------------------------+-----------+
| dkong_wrapper              |     1.672 |
|   dkong_i                  |     1.665 |
|     clk_wiz_0              |     0.099 |
|       inst                 |     0.099 |
|     dkong_system_wrapper_0 |     0.016 |
|       inst                 |     0.016 |
|     framedoubler_slow_0    |     0.002 |
|       inst                 |     0.002 |
|     processing_system7_0   |     1.527 |
|       inst                 |     1.527 |
|     smartconnect_0         |     0.020 |
|       inst                 |     0.020 |
+----------------------------+-----------+


