
*** Running vivado
    with args -log dkong_mux4_0_0.vds -m64 -product Vivado -mode batch -messageDb vivado.pb -notrace -source dkong_mux4_0_0.tcl


****** Vivado v2019.1 (64-bit)
  **** SW Build 2552052 on Fri May 24 14:49:42 MDT 2019
  **** IP Build 2548770 on Fri May 24 18:01:18 MDT 2019
    ** Copyright 1986-2019 Xilinx, Inc. All Rights Reserved.

source dkong_mux4_0_0.tcl -notrace
Command: synth_design -top dkong_mux4_0_0 -part xc7z020clg484-1 -mode out_of_context
Starting synth_design
WARNING: [IP_Flow 19-3571] IP 'dkong_mux4_0_0' is restricted:
* Module reference is stale and needs refreshing.
Attempting to get a license for feature 'Synthesis' and/or device 'xc7z020'
INFO: [Common 17-349] Got license for feature 'Synthesis' and/or device 'xc7z020'
INFO: [Device 21-403] Loading part xc7z020clg484-1
INFO: Launching helper process for spawning children vivado processes
INFO: Helper process launched with PID 26328 
ERROR: [Synth 8-1031] in is not declared [C:/Users/Steven/Documents/HDL/vivado/z80_system_sources/hdl/common/mux.v:46]
INFO: [Synth 8-2350] module demux2 ignored due to previous errors [C:/Users/Steven/Documents/HDL/vivado/z80_system_sources/hdl/common/mux.v:37]
Failed to read verilog 'C:/Users/Steven/Documents/HDL/vivado/z80_system_sources/hdl/common/mux.v'
INFO: [Common 17-83] Releasing license: Synthesis
4 Infos, 1 Warnings, 0 Critical Warnings and 2 Errors encountered.
synth_design failed
ERROR: [Common 17-69] Command failed: Synthesis failed - please see the console or run log file for details
INFO: [Common 17-206] Exiting Vivado at Fri Mar  6 09:58:07 2020...
